{"/home/runner/work/arm-fe/arm-fe/src/App.tsx": {"path":"/home/runner/work/arm-fe/arm-fe/src/App.tsx","statementMap":{"0":{"start":{"line":30,"column":40},"end":{"line":30,"column":null}},"1":{"start":{"line":31,"column":2},"end":{"line":37,"column":null}},"2":{"start":{"line":32,"column":24},"end":{"line":32,"column":null}},"3":{"start":{"line":33,"column":4},"end":{"line":36,"column":null}},"4":{"start":{"line":34,"column":6},"end":{"line":34,"column":null}},"5":{"start":{"line":35,"column":6},"end":{"line":35,"column":null}},"6":{"start":{"line":39,"column":2},"end":{"line":48,"column":null}},"7":{"start":{"line":50,"column":17},"end":{"line":54,"column":null}},"8":{"start":{"line":51,"column":4},"end":{"line":51,"column":null}},"9":{"start":{"line":52,"column":4},"end":{"line":52,"column":null}},"10":{"start":{"line":53,"column":4},"end":{"line":53,"column":null}}},"fnMap":{"0":{"name":"App","decl":{"start":{"line":29,"column":9},"end":{"line":29,"column":null}},"loc":{"start":{"line":29,"column":9},"end":{"line":87,"column":null}}},"1":{"name":"(anonymous_1)","decl":{"start":{"line":31,"column":12},"end":{"line":31,"column":null}},"loc":{"start":{"line":31,"column":12},"end":{"line":37,"column":5}}},"2":{"name":"(anonymous_2)","decl":{"start":{"line":50,"column":17},"end":{"line":50,"column":null}},"loc":{"start":{"line":50,"column":17},"end":{"line":54,"column":null}}}},"branchMap":{"0":{"loc":{"start":{"line":33,"column":4},"end":{"line":36,"column":null}},"type":"if","locations":[{"start":{"line":33,"column":4},"end":{"line":36,"column":null}},{"start":{},"end":{}}]},"1":{"loc":{"start":{"line":39,"column":2},"end":{"line":48,"column":null}},"type":"if","locations":[{"start":{"line":39,"column":2},"end":{"line":48,"column":null}},{"start":{},"end":{}}]}},"s":{"0":0,"1":0,"2":0,"3":0,"4":0,"5":0,"6":0,"7":0,"8":0,"9":0,"10":0},"f":{"0":0,"1":0,"2":0},"b":{"0":[0,0],"1":[0,0]}}
,"/home/runner/work/arm-fe/arm-fe/src/Hello.tsx": {"path":"/home/runner/work/arm-fe/arm-fe/src/Hello.tsx","statementMap":{"0":{"start":{"line":7,"column":28},"end":{"line":7,"column":null}},"1":{"start":{"line":21,"column":31},"end":{"line":21,"column":63}},"2":{"start":{"line":21,"column":51},"end":{"line":21,"column":63}}},"fnMap":{"0":{"name":"Hello","decl":{"start":{"line":6,"column":9},"end":{"line":6,"column":null}},"loc":{"start":{"line":6,"column":9},"end":{"line":29,"column":null}}},"1":{"name":"(anonymous_1)","decl":{"start":{"line":21,"column":25},"end":{"line":21,"column":31}},"loc":{"start":{"line":21,"column":31},"end":{"line":21,"column":63}}},"2":{"name":"(anonymous_2)","decl":{"start":{"line":21,"column":40},"end":{"line":21,"column":41}},"loc":{"start":{"line":21,"column":51},"end":{"line":21,"column":63}}}},"branchMap":{},"s":{"0":5,"1":2,"2":2},"f":{"0":5,"1":2,"2":2},"b":{}}
,"/home/runner/work/arm-fe/arm-fe/src/api/EventBus.ts": {"path":"/home/runner/work/arm-fe/arm-fe/src/api/EventBus.ts","statementMap":{"0":{"start":{"line":2,"column":17},"end":{"line":12,"column":null}},"1":{"start":{"line":4,"column":4},"end":{"line":4,"column":null}},"2":{"start":{"line":4,"column":44},"end":{"line":4,"column":null}},"3":{"start":{"line":7,"column":4},"end":{"line":7,"column":null}},"4":{"start":{"line":10,"column":4},"end":{"line":10,"column":null}}},"fnMap":{"0":{"name":"(anonymous_0)","decl":{"start":{"line":3,"column":2},"end":{"line":3,"column":5}},"loc":{"start":{"line":3,"column":43},"end":{"line":5,"column":null}}},"1":{"name":"(anonymous_1)","decl":{"start":{"line":4,"column":37},"end":{"line":4,"column":38}},"loc":{"start":{"line":4,"column":44},"end":{"line":4,"column":null}}},"2":{"name":"(anonymous_2)","decl":{"start":{"line":6,"column":2},"end":{"line":6,"column":11}},"loc":{"start":{"line":6,"column":36},"end":{"line":8,"column":null}}},"3":{"name":"(anonymous_3)","decl":{"start":{"line":9,"column":2},"end":{"line":9,"column":9}},"loc":{"start":{"line":9,"column":47},"end":{"line":11,"column":null}}}},"branchMap":{},"s":{"0":0,"1":0,"2":0,"3":0,"4":0},"f":{"0":0,"1":0,"2":0,"3":0},"b":{}}
,"/home/runner/work/arm-fe/arm-fe/src/api/index.ts": {"path":"/home/runner/work/arm-fe/arm-fe/src/api/index.ts","statementMap":{"0":{"start":{"line":4,"column":12},"end":{"line":9,"column":null}},"1":{"start":{"line":12,"column":0},"end":{"line":25,"column":null}},"2":{"start":{"line":14,"column":18},"end":{"line":14,"column":null}},"3":{"start":{"line":15,"column":4},"end":{"line":19,"column":null}},"4":{"start":{"line":16,"column":6},"end":{"line":18,"column":null}},"5":{"start":{"line":20,"column":4},"end":{"line":20,"column":null}},"6":{"start":{"line":24,"column":4},"end":{"line":24,"column":null}}},"fnMap":{"0":{"name":"(anonymous_0)","decl":{"start":{"line":13,"column":2},"end":{"line":13,"column":3}},"loc":{"start":{"line":13,"column":3},"end":{"line":21,"column":null}}},"1":{"name":"(anonymous_1)","decl":{"start":{"line":22,"column":2},"end":{"line":22,"column":3}},"loc":{"start":{"line":22,"column":3},"end":{"line":25,"column":null}}}},"branchMap":{"0":{"loc":{"start":{"line":15,"column":4},"end":{"line":19,"column":null}},"type":"if","locations":[{"start":{"line":15,"column":4},"end":{"line":19,"column":null}},{"start":{},"end":{}}]},"1":{"loc":{"start":{"line":15,"column":8},"end":{"line":15,"column":40}},"type":"binary-expr","locations":[{"start":{"line":15,"column":8},"end":{"line":15,"column":17}},{"start":{"line":15,"column":17},"end":{"line":15,"column":40}}]},"2":{"loc":{"start":{"line":16,"column":6},"end":{"line":18,"column":null}},"type":"if","locations":[{"start":{"line":16,"column":6},"end":{"line":18,"column":null}},{"start":{},"end":{}}]}},"s":{"0":3,"1":3,"2":0,"3":0,"4":0,"5":0,"6":0},"f":{"0":0,"1":0},"b":{"0":[0,0],"1":[0,0],"2":[0,0]}}
,"/home/runner/work/arm-fe/arm-fe/src/common/Helpers.jsx": {"path":"/home/runner/work/arm-fe/arm-fe/src/common/Helpers.jsx","statementMap":{"0":{"start":{"line":2,"column":16},"end":{"line":4,"column":null}},"1":{"start":{"line":3,"column":2},"end":{"line":3,"column":null}}},"fnMap":{"0":{"name":"(anonymous_0)","decl":{"start":{"line":2,"column":16},"end":{"line":2,"column":17}},"loc":{"start":{"line":2,"column":17},"end":{"line":4,"column":null}}}},"branchMap":{"0":{"loc":{"start":{"line":3,"column":9},"end":{"line":3,"column":null}},"type":"binary-expr","locations":[{"start":{"line":3,"column":9},"end":{"line":3,"column":17}},{"start":{"line":3,"column":17},"end":{"line":3,"column":27}},{"start":{"line":3,"column":31},"end":{"line":3,"column":null}}]}},"s":{"0":0,"1":0},"f":{"0":0},"b":{"0":[0,0,0]}}
,"/home/runner/work/arm-fe/arm-fe/src/components/AlertList.tsx": {"path":"/home/runner/work/arm-fe/arm-fe/src/components/AlertList.tsx","statementMap":{"0":{"start":{"line":52,"column":44},"end":{"line":54,"column":null}}},"fnMap":{"0":{"name":"(anonymous_2)","decl":{"start":{"line":52,"column":44},"end":{"line":52,"column":45}},"loc":{"start":{"line":52,"column":55},"end":{"line":54,"column":null}}}},"branchMap":{},"s":{"0":1},"f":{"0":3},"b":{}}
,"/home/runner/work/arm-fe/arm-fe/src/components/CreateDevice.tsx": {"path":"/home/runner/work/arm-fe/arm-fe/src/components/CreateDevice.tsx","statementMap":{"0":{"start":{"line":8,"column":31},"end":{"line":359,"column":null}},"1":{"start":{"line":9,"column":30},"end":{"line":22,"column":null}},"2":{"start":{"line":24,"column":32},"end":{"line":24,"column":null}},"3":{"start":{"line":25,"column":26},"end":{"line":25,"column":null}},"4":{"start":{"line":26,"column":19},"end":{"line":26,"column":null}},"5":{"start":{"line":27,"column":28},"end":{"line":27,"column":null}},"6":{"start":{"line":29,"column":27},"end":{"line":45,"column":null}},"7":{"start":{"line":30,"column":25},"end":{"line":30,"column":null}},"8":{"start":{"line":32,"column":4},"end":{"line":44,"column":null}},"9":{"start":{"line":33,"column":21},"end":{"line":33,"column":null}},"10":{"start":{"line":34,"column":6},"end":{"line":38,"column":null}},"11":{"start":{"line":35,"column":21},"end":{"line":35,"column":null}},"12":{"start":{"line":36,"column":21},"end":{"line":36,"column":null}},"13":{"start":{"line":36,"column":51},"end":{"line":36,"column":null}},"14":{"start":{"line":37,"column":8},"end":{"line":37,"column":null}},"15":{"start":{"line":39,"column":6},"end":{"line":39,"column":null}},"16":{"start":{"line":40,"column":6},"end":{"line":40,"column":null}},"17":{"start":{"line":42,"column":6},"end":{"line":42,"column":null}},"18":{"start":{"line":43,"column":6},"end":{"line":43,"column":null}},"19":{"start":{"line":47,"column":2},"end":{"line":58,"column":null}},"20":{"start":{"line":48,"column":22},"end":{"line":55,"column":null}},"21":{"start":{"line":49,"column":6},"end":{"line":54,"column":null}},"22":{"start":{"line":50,"column":29},"end":{"line":50,"column":null}},"23":{"start":{"line":51,"column":8},"end":{"line":51,"column":null}},"24":{"start":{"line":53,"column":8},"end":{"line":53,"column":null}},"25":{"start":{"line":57,"column":4},"end":{"line":57,"column":null}},"26":{"start":{"line":60,"column":28},"end":{"line":67,"column":null}},"27":{"start":{"line":61,"column":26},"end":{"line":61,"column":34}},"28":{"start":{"line":63,"column":4},"end":{"line":66,"column":null}},"29":{"start":{"line":63,"column":31},"end":{"line":66,"column":null}},"30":{"start":{"line":69,"column":27},"end":{"line":77,"column":null}},"31":{"start":{"line":70,"column":27},"end":{"line":70,"column":41}},"32":{"start":{"line":71,"column":25},"end":{"line":71,"column":null}},"33":{"start":{"line":71,"column":46},"end":{"line":71,"column":null}},"34":{"start":{"line":72,"column":4},"end":{"line":76,"column":null}},"35":{"start":{"line":72,"column":31},"end":{"line":76,"column":null}},"36":{"start":{"line":79,"column":29},"end":{"line":90,"column":null}},"37":{"start":{"line":80,"column":4},"end":{"line":89,"column":null}},"38":{"start":{"line":81,"column":29},"end":{"line":82,"column":null}},"39":{"start":{"line":82,"column":8},"end":{"line":82,"column":null}},"40":{"start":{"line":85,"column":6},"end":{"line":88,"column":null}},"41":{"start":{"line":92,"column":26},"end":{"line":100,"column":null}},"42":{"start":{"line":93,"column":4},"end":{"line":99,"column":null}},"43":{"start":{"line":93,"column":31},"end":{"line":99,"column":null}},"44":{"start":{"line":102,"column":29},"end":{"line":107,"column":null}},"45":{"start":{"line":103,"column":4},"end":{"line":106,"column":null}},"46":{"start":{"line":103,"column":31},"end":{"line":106,"column":null}},"47":{"start":{"line":105,"column":51},"end":{"line":105,"column":null}},"48":{"start":{"line":109,"column":21},"end":{"line":137,"column":null}},"49":{"start":{"line":111,"column":4},"end":{"line":114,"column":null}},"50":{"start":{"line":112,"column":6},"end":{"line":112,"column":null}},"51":{"start":{"line":113,"column":6},"end":{"line":113,"column":null}},"52":{"start":{"line":116,"column":4},"end":{"line":119,"column":null}},"53":{"start":{"line":117,"column":6},"end":{"line":117,"column":null}},"54":{"start":{"line":118,"column":6},"end":{"line":118,"column":null}},"55":{"start":{"line":121,"column":4},"end":{"line":124,"column":null}},"56":{"start":{"line":122,"column":6},"end":{"line":122,"column":null}},"57":{"start":{"line":123,"column":6},"end":{"line":123,"column":null}},"58":{"start":{"line":126,"column":4},"end":{"line":136,"column":null}},"59":{"start":{"line":127,"column":26},"end":{"line":127,"column":null}},"60":{"start":{"line":128,"column":6},"end":{"line":128,"column":null}},"61":{"start":{"line":129,"column":6},"end":{"line":129,"column":null}},"62":{"start":{"line":132,"column":6},"end":{"line":132,"column":null}},"63":{"start":{"line":134,"column":6},"end":{"line":134,"column":null}},"64":{"start":{"line":135,"column":6},"end":{"line":135,"column":null}},"65":{"start":{"line":139,"column":23},"end":{"line":145,"column":null}},"66":{"start":{"line":140,"column":4},"end":{"line":144,"column":null}},"67":{"start":{"line":141,"column":6},"end":{"line":141,"column":null}},"68":{"start":{"line":143,"column":6},"end":{"line":143,"column":null}},"69":{"start":{"line":147,"column":23},"end":{"line":149,"column":null}},"70":{"start":{"line":148,"column":4},"end":{"line":148,"column":null}},"71":{"start":{"line":243,"column":39},"end":{"line":243,"column":null}},"72":{"start":{"line":254,"column":39},"end":{"line":254,"column":null}},"73":{"start":{"line":265,"column":39},"end":{"line":265,"column":null}},"74":{"start":{"line":272,"column":37},"end":{"line":272,"column":null}},"75":{"start":{"line":309,"column":18},"end":{"line":311,"column":null}},"76":{"start":{"line":327,"column":18},"end":{"line":329,"column":null}}},"fnMap":{"0":{"name":"(anonymous_0)","decl":{"start":{"line":8,"column":31},"end":{"line":8,"column":null}},"loc":{"start":{"line":8,"column":31},"end":{"line":359,"column":null}}},"1":{"name":"(anonymous_1)","decl":{"start":{"line":29,"column":27},"end":{"line":29,"column":28}},"loc":{"start":{"line":29,"column":28},"end":{"line":45,"column":null}}},"2":{"name":"(anonymous_2)","decl":{"start":{"line":34,"column":22},"end":{"line":34,"column":23}},"loc":{"start":{"line":34,"column":23},"end":{"line":38,"column":null}}},"3":{"name":"(anonymous_3)","decl":{"start":{"line":36,"column":42},"end":{"line":36,"column":43}},"loc":{"start":{"line":36,"column":51},"end":{"line":36,"column":null}}},"4":{"name":"(anonymous_4)","decl":{"start":{"line":47,"column":12},"end":{"line":47,"column":null}},"loc":{"start":{"line":47,"column":12},"end":{"line":58,"column":5}}},"5":{"name":"(anonymous_5)","decl":{"start":{"line":48,"column":22},"end":{"line":48,"column":null}},"loc":{"start":{"line":48,"column":22},"end":{"line":55,"column":null}}},"6":{"name":"(anonymous_6)","decl":{"start":{"line":60,"column":28},"end":{"line":60,"column":29}},"loc":{"start":{"line":60,"column":29},"end":{"line":67,"column":null}}},"7":{"name":"(anonymous_7)","decl":{"start":{"line":63,"column":14},"end":{"line":63,"column":15}},"loc":{"start":{"line":63,"column":31},"end":{"line":66,"column":null}}},"8":{"name":"(anonymous_8)","decl":{"start":{"line":69,"column":27},"end":{"line":69,"column":28}},"loc":{"start":{"line":69,"column":28},"end":{"line":77,"column":null}}},"9":{"name":"(anonymous_9)","decl":{"start":{"line":71,"column":36},"end":{"line":71,"column":37}},"loc":{"start":{"line":71,"column":46},"end":{"line":71,"column":null}}},"10":{"name":"(anonymous_10)","decl":{"start":{"line":72,"column":14},"end":{"line":72,"column":15}},"loc":{"start":{"line":72,"column":31},"end":{"line":76,"column":null}}},"11":{"name":"(anonymous_11)","decl":{"start":{"line":79,"column":29},"end":{"line":79,"column":30}},"loc":{"start":{"line":79,"column":66},"end":{"line":90,"column":null}}},"12":{"name":"(anonymous_12)","decl":{"start":{"line":80,"column":14},"end":{"line":80,"column":15}},"loc":{"start":{"line":80,"column":15},"end":{"line":89,"column":null}}},"13":{"name":"(anonymous_13)","decl":{"start":{"line":81,"column":52},"end":{"line":81,"column":53}},"loc":{"start":{"line":82,"column":8},"end":{"line":82,"column":null}}},"14":{"name":"(anonymous_14)","decl":{"start":{"line":92,"column":26},"end":{"line":92,"column":null}},"loc":{"start":{"line":92,"column":26},"end":{"line":100,"column":null}}},"15":{"name":"(anonymous_15)","decl":{"start":{"line":93,"column":14},"end":{"line":93,"column":15}},"loc":{"start":{"line":93,"column":31},"end":{"line":99,"column":null}}},"16":{"name":"(anonymous_16)","decl":{"start":{"line":102,"column":29},"end":{"line":102,"column":30}},"loc":{"start":{"line":102,"column":30},"end":{"line":107,"column":null}}},"17":{"name":"(anonymous_17)","decl":{"start":{"line":103,"column":14},"end":{"line":103,"column":15}},"loc":{"start":{"line":103,"column":31},"end":{"line":106,"column":null}}},"18":{"name":"(anonymous_18)","decl":{"start":{"line":105,"column":41},"end":{"line":105,"column":42}},"loc":{"start":{"line":105,"column":51},"end":{"line":105,"column":null}}},"19":{"name":"(anonymous_19)","decl":{"start":{"line":109,"column":21},"end":{"line":109,"column":null}},"loc":{"start":{"line":109,"column":21},"end":{"line":137,"column":null}}},"20":{"name":"(anonymous_20)","decl":{"start":{"line":139,"column":23},"end":{"line":139,"column":null}},"loc":{"start":{"line":139,"column":23},"end":{"line":145,"column":null}}},"21":{"name":"(anonymous_21)","decl":{"start":{"line":147,"column":23},"end":{"line":147,"column":null}},"loc":{"start":{"line":147,"column":23},"end":{"line":149,"column":null}}},"22":{"name":"(anonymous_26)","decl":{"start":{"line":243,"column":32},"end":{"line":243,"column":33}},"loc":{"start":{"line":243,"column":39},"end":{"line":243,"column":null}}},"23":{"name":"(anonymous_27)","decl":{"start":{"line":254,"column":32},"end":{"line":254,"column":33}},"loc":{"start":{"line":254,"column":39},"end":{"line":254,"column":null}}},"24":{"name":"(anonymous_28)","decl":{"start":{"line":265,"column":32},"end":{"line":265,"column":33}},"loc":{"start":{"line":265,"column":39},"end":{"line":265,"column":null}}},"25":{"name":"(anonymous_29)","decl":{"start":{"line":272,"column":31},"end":{"line":272,"column":37}},"loc":{"start":{"line":272,"column":37},"end":{"line":272,"column":null}}},"26":{"name":"(anonymous_31)","decl":{"start":{"line":308,"column":26},"end":{"line":308,"column":27}},"loc":{"start":{"line":309,"column":18},"end":{"line":311,"column":null}}},"27":{"name":"(anonymous_32)","decl":{"start":{"line":326,"column":26},"end":{"line":326,"column":27}},"loc":{"start":{"line":327,"column":18},"end":{"line":329,"column":null}}}},"branchMap":{"0":{"loc":{"start":{"line":30,"column":25},"end":{"line":30,"column":null}},"type":"cond-expr","locations":[{"start":{"line":30,"column":42},"end":{"line":30,"column":59}},{"start":{"line":30,"column":62},"end":{"line":30,"column":null}}]},"1":{"loc":{"start":{"line":32,"column":4},"end":{"line":44,"column":null}},"type":"if","locations":[{"start":{"line":32,"column":4},"end":{"line":44,"column":null}},{"start":{"line":41,"column":11},"end":{"line":44,"column":null}}]},"2":{"loc":{"start":{"line":32,"column":8},"end":{"line":32,"column":58}},"type":"binary-expr","locations":[{"start":{"line":32,"column":8},"end":{"line":32,"column":24}},{"start":{"line":32,"column":24},"end":{"line":32,"column":58}}]},"3":{"loc":{"start":{"line":75,"column":16},"end":{"line":75,"column":null}},"type":"cond-expr","locations":[{"start":{"line":75,"column":31},"end":{"line":75,"column":48}},{"start":{"line":75,"column":51},"end":{"line":75,"column":null}}]},"4":{"loc":{"start":{"line":82,"column":8},"end":{"line":82,"column":null}},"type":"cond-expr","locations":[{"start":{"line":82,"column":22},"end":{"line":82,"column":54}},{"start":{"line":82,"column":54},"end":{"line":82,"column":null}}]},"5":{"loc":{"start":{"line":111,"column":4},"end":{"line":114,"column":null}},"type":"if","locations":[{"start":{"line":111,"column":4},"end":{"line":114,"column":null}},{"start":{},"end":{}}]},"6":{"loc":{"start":{"line":116,"column":4},"end":{"line":119,"column":null}},"type":"if","locations":[{"start":{"line":116,"column":4},"end":{"line":119,"column":null}},{"start":{},"end":{}}]},"7":{"loc":{"start":{"line":121,"column":4},"end":{"line":124,"column":null}},"type":"if","locations":[{"start":{"line":121,"column":4},"end":{"line":124,"column":null}},{"start":{},"end":{}}]},"8":{"loc":{"start":{"line":140,"column":4},"end":{"line":144,"column":null}},"type":"if","locations":[{"start":{"line":140,"column":4},"end":{"line":144,"column":null}},{"start":{"line":142,"column":11},"end":{"line":144,"column":null}}]},"9":{"loc":{"start":{"line":170,"column":7},"end":{"line":170,"column":null}},"type":"binary-expr","locations":[{"start":{"line":170,"column":7},"end":{"line":170,"column":null}}]}},"s":{"0":0,"1":0,"2":0,"3":0,"4":0,"5":0,"6":0,"7":0,"8":0,"9":0,"10":0,"11":0,"12":0,"13":0,"14":0,"15":0,"16":0,"17":0,"18":0,"19":0,"20":0,"21":0,"22":0,"23":0,"24":0,"25":0,"26":0,"27":0,"28":0,"29":0,"30":0,"31":0,"32":0,"33":0,"34":0,"35":0,"36":0,"37":0,"38":0,"39":0,"40":0,"41":0,"42":0,"43":0,"44":0,"45":0,"46":0,"47":0,"48":0,"49":0,"50":0,"51":0,"52":0,"53":0,"54":0,"55":0,"56":0,"57":0,"58":0,"59":0,"60":0,"61":0,"62":0,"63":0,"64":0,"65":0,"66":0,"67":0,"68":0,"69":0,"70":0,"71":0,"72":0,"73":0,"74":0,"75":0,"76":0},"f":{"0":0,"1":0,"2":0,"3":0,"4":0,"5":0,"6":0,"7":0,"8":0,"9":0,"10":0,"11":0,"12":0,"13":0,"14":0,"15":0,"16":0,"17":0,"18":0,"19":0,"20":0,"21":0,"22":0,"23":0,"24":0,"25":0,"26":0,"27":0},"b":{"0":[0,0],"1":[0,0],"2":[0,0],"3":[0,0],"4":[0,0],"5":[0,0],"6":[0,0],"7":[0,0],"8":[0,0],"9":[0]}}
,"/home/runner/work/arm-fe/arm-fe/src/components/DeviceCard.tsx": {"path":"/home/runner/work/arm-fe/arm-fe/src/components/DeviceCard.tsx","statementMap":{"0":{"start":{"line":9,"column":46},"end":{"line":18,"column":null}}},"fnMap":{"0":{"name":"(anonymous_0)","decl":{"start":{"line":9,"column":46},"end":{"line":9,"column":47}},"loc":{"start":{"line":9,"column":69},"end":{"line":18,"column":null}}}},"branchMap":{"0":{"loc":{"start":{"line":13,"column":28},"end":{"line":13,"column":85}},"type":"cond-expr","locations":[{"start":{"line":13,"column":50},"end":{"line":13,"column":69}},{"start":{"line":13,"column":69},"end":{"line":13,"column":85}}]}},"s":{"0":0},"f":{"0":0},"b":{"0":[0,0]}}
,"/home/runner/work/arm-fe/arm-fe/src/components/DeviceIcons.tsx": {"path":"/home/runner/work/arm-fe/arm-fe/src/components/DeviceIcons.tsx","statementMap":{"0":{"start":{"line":15,"column":48},"end":{"line":35,"column":null}},"1":{"start":{"line":17,"column":2},"end":{"line":32,"column":null}},"2":{"start":{"line":19,"column":6},"end":{"line":19,"column":null}},"3":{"start":{"line":20,"column":6},"end":{"line":20,"column":null}},"4":{"start":{"line":22,"column":6},"end":{"line":22,"column":null}},"5":{"start":{"line":23,"column":6},"end":{"line":23,"column":null}},"6":{"start":{"line":25,"column":6},"end":{"line":25,"column":null}},"7":{"start":{"line":26,"column":6},"end":{"line":26,"column":null}},"8":{"start":{"line":28,"column":6},"end":{"line":28,"column":null}},"9":{"start":{"line":29,"column":6},"end":{"line":29,"column":null}},"10":{"start":{"line":31,"column":6},"end":{"line":31,"column":null}}},"fnMap":{"0":{"name":"(anonymous_0)","decl":{"start":{"line":15,"column":48},"end":{"line":15,"column":49}},"loc":{"start":{"line":15,"column":57},"end":{"line":35,"column":null}}}},"branchMap":{"0":{"loc":{"start":{"line":17,"column":2},"end":{"line":32,"column":null}},"type":"switch","locations":[{"start":{"line":18,"column":4},"end":{"line":20,"column":null}},{"start":{"line":21,"column":4},"end":{"line":23,"column":null}},{"start":{"line":24,"column":4},"end":{"line":26,"column":null}},{"start":{"line":27,"column":4},"end":{"line":29,"column":null}},{"start":{"line":30,"column":4},"end":{"line":31,"column":null}}]}},"s":{"0":0,"1":0,"2":0,"3":0,"4":0,"5":0,"6":0,"7":0,"8":0,"9":0,"10":0},"f":{"0":0},"b":{"0":[0,0,0,0,0]}}
,"/home/runner/work/arm-fe/arm-fe/src/components/DeviceList.tsx": {"path":"/home/runner/work/arm-fe/arm-fe/src/components/DeviceList.tsx","statementMap":{"0":{"start":{"line":19,"column":46},"end":{"line":251,"column":null}},"1":{"start":{"line":20,"column":38},"end":{"line":20,"column":null}},"2":{"start":{"line":21,"column":36},"end":{"line":21,"column":null}},"3":{"start":{"line":22,"column":32},"end":{"line":30,"column":null}},"4":{"start":{"line":32,"column":21},"end":{"line":39,"column":null}},"5":{"start":{"line":33,"column":4},"end":{"line":38,"column":null}},"6":{"start":{"line":34,"column":6},"end":{"line":34,"column":null}},"7":{"start":{"line":34,"column":35},"end":{"line":34,"column":null}},"8":{"start":{"line":36,"column":6},"end":{"line":36,"column":null}},"9":{"start":{"line":37,"column":6},"end":{"line":37,"column":null}},"10":{"start":{"line":41,"column":29},"end":{"line":47,"column":null}},"11":{"start":{"line":42,"column":28},"end":{"line":42,"column":36}},"12":{"start":{"line":43,"column":4},"end":{"line":46,"column":null}},"13":{"start":{"line":43,"column":33},"end":{"line":46,"column":null}},"14":{"start":{"line":49,"column":26},"end":{"line":68,"column":null}},"15":{"start":{"line":51,"column":6},"end":{"line":51,"column":null}},"16":{"start":{"line":54,"column":6},"end":{"line":54,"column":null}},"17":{"start":{"line":57,"column":6},"end":{"line":57,"column":null}},"18":{"start":{"line":60,"column":6},"end":{"line":62,"column":null}},"19":{"start":{"line":65,"column":6},"end":{"line":65,"column":null}},"20":{"start":{"line":68,"column":6},"end":{"line":68,"column":null}},"21":{"start":{"line":71,"column":24},"end":{"line":77,"column":null}},"22":{"start":{"line":72,"column":18},"end":{"line":72,"column":null}},"23":{"start":{"line":74,"column":4},"end":{"line":74,"column":null}},"24":{"start":{"line":74,"column":55},"end":{"line":74,"column":null}},"25":{"start":{"line":75,"column":4},"end":{"line":75,"column":null}},"26":{"start":{"line":75,"column":55},"end":{"line":75,"column":null}},"27":{"start":{"line":76,"column":4},"end":{"line":76,"column":null}},"28":{"start":{"line":86,"column":29},"end":{"line":86,"column":null}},"29":{"start":{"line":98,"column":29},"end":{"line":98,"column":null}},"30":{"start":{"line":110,"column":29},"end":{"line":110,"column":null}},"31":{"start":{"line":122,"column":29},"end":{"line":122,"column":null}},"32":{"start":{"line":134,"column":29},"end":{"line":134,"column":null}},"33":{"start":{"line":146,"column":29},"end":{"line":146,"column":null}},"34":{"start":{"line":237,"column":73},"end":{"line":237,"column":null}},"35":{"start":{"line":238,"column":80},"end":{"line":238,"column":null}},"36":{"start":{"line":242,"column":33},"end":{"line":242,"column":null}}},"fnMap":{"0":{"name":"(anonymous_0)","decl":{"start":{"line":19,"column":46},"end":{"line":19,"column":47}},"loc":{"start":{"line":19,"column":84},"end":{"line":251,"column":null}}},"1":{"name":"(anonymous_1)","decl":{"start":{"line":32,"column":21},"end":{"line":32,"column":22}},"loc":{"start":{"line":32,"column":22},"end":{"line":39,"column":null}}},"2":{"name":"(anonymous_2)","decl":{"start":{"line":34,"column":19},"end":{"line":34,"column":20}},"loc":{"start":{"line":34,"column":35},"end":{"line":34,"column":null}}},"3":{"name":"(anonymous_3)","decl":{"start":{"line":41,"column":29},"end":{"line":41,"column":30}},"loc":{"start":{"line":41,"column":30},"end":{"line":47,"column":null}}},"4":{"name":"(anonymous_4)","decl":{"start":{"line":43,"column":15},"end":{"line":43,"column":16}},"loc":{"start":{"line":43,"column":33},"end":{"line":46,"column":null}}},"5":{"name":"(anonymous_5)","decl":{"start":{"line":50,"column":12},"end":{"line":50,"column":13}},"loc":{"start":{"line":51,"column":6},"end":{"line":51,"column":null}}},"6":{"name":"(anonymous_6)","decl":{"start":{"line":53,"column":12},"end":{"line":53,"column":13}},"loc":{"start":{"line":54,"column":6},"end":{"line":54,"column":null}}},"7":{"name":"(anonymous_7)","decl":{"start":{"line":56,"column":12},"end":{"line":56,"column":13}},"loc":{"start":{"line":57,"column":6},"end":{"line":57,"column":null}}},"8":{"name":"(anonymous_8)","decl":{"start":{"line":59,"column":12},"end":{"line":59,"column":13}},"loc":{"start":{"line":60,"column":6},"end":{"line":62,"column":null}}},"9":{"name":"(anonymous_9)","decl":{"start":{"line":64,"column":12},"end":{"line":64,"column":13}},"loc":{"start":{"line":65,"column":6},"end":{"line":65,"column":null}}},"10":{"name":"(anonymous_10)","decl":{"start":{"line":67,"column":12},"end":{"line":67,"column":13}},"loc":{"start":{"line":68,"column":6},"end":{"line":68,"column":null}}},"11":{"name":"(anonymous_11)","decl":{"start":{"line":71,"column":45},"end":{"line":71,"column":46}},"loc":{"start":{"line":71,"column":49},"end":{"line":77,"column":null}}},"12":{"name":"(anonymous_12)","decl":{"start":{"line":86,"column":23},"end":{"line":86,"column":29}},"loc":{"start":{"line":86,"column":29},"end":{"line":86,"column":null}}},"13":{"name":"(anonymous_13)","decl":{"start":{"line":98,"column":23},"end":{"line":98,"column":29}},"loc":{"start":{"line":98,"column":29},"end":{"line":98,"column":null}}},"14":{"name":"(anonymous_14)","decl":{"start":{"line":110,"column":23},"end":{"line":110,"column":29}},"loc":{"start":{"line":110,"column":29},"end":{"line":110,"column":null}}},"15":{"name":"(anonymous_15)","decl":{"start":{"line":122,"column":23},"end":{"line":122,"column":29}},"loc":{"start":{"line":122,"column":29},"end":{"line":122,"column":null}}},"16":{"name":"(anonymous_16)","decl":{"start":{"line":134,"column":23},"end":{"line":134,"column":29}},"loc":{"start":{"line":134,"column":29},"end":{"line":134,"column":null}}},"17":{"name":"(anonymous_17)","decl":{"start":{"line":146,"column":23},"end":{"line":146,"column":29}},"loc":{"start":{"line":146,"column":29},"end":{"line":146,"column":null}}},"18":{"name":"(anonymous_19)","decl":{"start":{"line":237,"column":67},"end":{"line":237,"column":73}},"loc":{"start":{"line":237,"column":73},"end":{"line":237,"column":null}}},"19":{"name":"(anonymous_20)","decl":{"start":{"line":238,"column":74},"end":{"line":238,"column":80}},"loc":{"start":{"line":238,"column":80},"end":{"line":238,"column":null}}},"20":{"name":"(anonymous_21)","decl":{"start":{"line":242,"column":27},"end":{"line":242,"column":33}},"loc":{"start":{"line":242,"column":33},"end":{"line":242,"column":null}}}},"branchMap":{"0":{"loc":{"start":{"line":33,"column":4},"end":{"line":38,"column":null}},"type":"if","locations":[{"start":{"line":33,"column":4},"end":{"line":38,"column":null}},{"start":{"line":35,"column":11},"end":{"line":38,"column":null}}]},"1":{"loc":{"start":{"line":34,"column":35},"end":{"line":34,"column":null}},"type":"cond-expr","locations":[{"start":{"line":34,"column":57},"end":{"line":34,"column":66}},{"start":{"line":34,"column":66},"end":{"line":34,"column":null}}]},"2":{"loc":{"start":{"line":51,"column":7},"end":{"line":51,"column":39}},"type":"binary-expr","locations":[{"start":{"line":51,"column":7},"end":{"line":51,"column":38}},{"start":{"line":51,"column":38},"end":{"line":51,"column":39}}]},"3":{"loc":{"start":{"line":51,"column":51},"end":{"line":51,"column":null}},"type":"binary-expr","locations":[{"start":{"line":51,"column":51},"end":{"line":51,"column":83}},{"start":{"line":51,"column":83},"end":{"line":51,"column":null}}]},"4":{"loc":{"start":{"line":54,"column":7},"end":{"line":54,"column":38}},"type":"binary-expr","locations":[{"start":{"line":54,"column":7},"end":{"line":54,"column":37}},{"start":{"line":54,"column":37},"end":{"line":54,"column":38}}]},"5":{"loc":{"start":{"line":54,"column":50},"end":{"line":54,"column":null}},"type":"binary-expr","locations":[{"start":{"line":54,"column":50},"end":{"line":54,"column":81}},{"start":{"line":54,"column":81},"end":{"line":54,"column":null}}]},"6":{"loc":{"start":{"line":57,"column":7},"end":{"line":57,"column":38}},"type":"binary-expr","locations":[{"start":{"line":57,"column":7},"end":{"line":57,"column":37}},{"start":{"line":57,"column":37},"end":{"line":57,"column":38}}]},"7":{"loc":{"start":{"line":57,"column":50},"end":{"line":57,"column":null}},"type":"binary-expr","locations":[{"start":{"line":57,"column":50},"end":{"line":57,"column":81}},{"start":{"line":57,"column":81},"end":{"line":57,"column":null}}]},"8":{"loc":{"start":{"line":60,"column":6},"end":{"line":62,"column":null}},"type":"cond-expr","locations":[{"start":{"line":61,"column":10},"end":{"line":61,"column":null}},{"start":{"line":62,"column":10},"end":{"line":62,"column":null}}]},"9":{"loc":{"start":{"line":61,"column":11},"end":{"line":61,"column":44}},"type":"binary-expr","locations":[{"start":{"line":61,"column":11},"end":{"line":61,"column":43}},{"start":{"line":61,"column":43},"end":{"line":61,"column":44}}]},"10":{"loc":{"start":{"line":65,"column":7},"end":{"line":65,"column":42}},"type":"binary-expr","locations":[{"start":{"line":65,"column":7},"end":{"line":65,"column":41}},{"start":{"line":65,"column":41},"end":{"line":65,"column":42}}]},"11":{"loc":{"start":{"line":65,"column":54},"end":{"line":65,"column":null}},"type":"binary-expr","locations":[{"start":{"line":65,"column":54},"end":{"line":65,"column":89}},{"start":{"line":65,"column":89},"end":{"line":65,"column":null}}]},"12":{"loc":{"start":{"line":68,"column":7},"end":{"line":68,"column":42}},"type":"binary-expr","locations":[{"start":{"line":68,"column":7},"end":{"line":68,"column":41}},{"start":{"line":68,"column":41},"end":{"line":68,"column":42}}]},"13":{"loc":{"start":{"line":68,"column":54},"end":{"line":68,"column":null}},"type":"binary-expr","locations":[{"start":{"line":68,"column":54},"end":{"line":68,"column":89}},{"start":{"line":68,"column":89},"end":{"line":68,"column":null}}]},"14":{"loc":{"start":{"line":72,"column":18},"end":{"line":72,"column":null}},"type":"cond-expr","locations":[{"start":{"line":72,"column":40},"end":{"line":72,"column":44}},{"start":{"line":72,"column":44},"end":{"line":72,"column":null}}]},"15":{"loc":{"start":{"line":74,"column":4},"end":{"line":74,"column":null}},"type":"if","locations":[{"start":{"line":74,"column":4},"end":{"line":74,"column":null}},{"start":{},"end":{}}]},"16":{"loc":{"start":{"line":74,"column":9},"end":{"line":74,"column":27}},"type":"binary-expr","locations":[{"start":{"line":74,"column":9},"end":{"line":74,"column":22}},{"start":{"line":74,"column":26},"end":{"line":74,"column":27}}]},"17":{"loc":{"start":{"line":74,"column":33},"end":{"line":74,"column":51}},"type":"binary-expr","locations":[{"start":{"line":74,"column":33},"end":{"line":74,"column":46}},{"start":{"line":74,"column":50},"end":{"line":74,"column":51}}]},"18":{"loc":{"start":{"line":75,"column":4},"end":{"line":75,"column":null}},"type":"if","locations":[{"start":{"line":75,"column":4},"end":{"line":75,"column":null}},{"start":{},"end":{}}]},"19":{"loc":{"start":{"line":75,"column":9},"end":{"line":75,"column":27}},"type":"binary-expr","locations":[{"start":{"line":75,"column":9},"end":{"line":75,"column":22}},{"start":{"line":75,"column":26},"end":{"line":75,"column":27}}]},"20":{"loc":{"start":{"line":75,"column":33},"end":{"line":75,"column":51}},"type":"binary-expr","locations":[{"start":{"line":75,"column":33},"end":{"line":75,"column":46}},{"start":{"line":75,"column":50},"end":{"line":75,"column":51}}]},"21":{"loc":{"start":{"line":89,"column":15},"end":{"line":94,"column":null}},"type":"binary-expr","locations":[{"start":{"line":89,"column":15},"end":{"line":89,"column":null}},{"start":{"line":90,"column":17},"end":{"line":94,"column":null}}]},"22":{"loc":{"start":{"line":90,"column":17},"end":{"line":94,"column":null}},"type":"cond-expr","locations":[{"start":{"line":91,"column":18},"end":{"line":93,"column":19}},{"start":{"line":93,"column":18},"end":{"line":94,"column":null}}]},"23":{"loc":{"start":{"line":101,"column":15},"end":{"line":106,"column":null}},"type":"binary-expr","locations":[{"start":{"line":101,"column":15},"end":{"line":101,"column":null}},{"start":{"line":102,"column":17},"end":{"line":106,"column":null}}]},"24":{"loc":{"start":{"line":102,"column":17},"end":{"line":106,"column":null}},"type":"cond-expr","locations":[{"start":{"line":103,"column":18},"end":{"line":105,"column":19}},{"start":{"line":105,"column":18},"end":{"line":106,"column":null}}]},"25":{"loc":{"start":{"line":113,"column":15},"end":{"line":118,"column":null}},"type":"binary-expr","locations":[{"start":{"line":113,"column":15},"end":{"line":113,"column":null}},{"start":{"line":114,"column":17},"end":{"line":118,"column":null}}]},"26":{"loc":{"start":{"line":114,"column":17},"end":{"line":118,"column":null}},"type":"cond-expr","locations":[{"start":{"line":115,"column":18},"end":{"line":117,"column":19}},{"start":{"line":117,"column":18},"end":{"line":118,"column":null}}]},"27":{"loc":{"start":{"line":125,"column":15},"end":{"line":130,"column":null}},"type":"binary-expr","locations":[{"start":{"line":125,"column":15},"end":{"line":125,"column":null}},{"start":{"line":126,"column":17},"end":{"line":130,"column":null}}]},"28":{"loc":{"start":{"line":126,"column":17},"end":{"line":130,"column":null}},"type":"cond-expr","locations":[{"start":{"line":127,"column":18},"end":{"line":129,"column":19}},{"start":{"line":129,"column":18},"end":{"line":130,"column":null}}]},"29":{"loc":{"start":{"line":137,"column":15},"end":{"line":142,"column":null}},"type":"binary-expr","locations":[{"start":{"line":137,"column":15},"end":{"line":137,"column":null}},{"start":{"line":138,"column":17},"end":{"line":142,"column":null}}]},"30":{"loc":{"start":{"line":138,"column":17},"end":{"line":142,"column":null}},"type":"cond-expr","locations":[{"start":{"line":139,"column":18},"end":{"line":141,"column":19}},{"start":{"line":141,"column":18},"end":{"line":142,"column":null}}]},"31":{"loc":{"start":{"line":149,"column":15},"end":{"line":154,"column":null}},"type":"binary-expr","locations":[{"start":{"line":149,"column":15},"end":{"line":149,"column":null}},{"start":{"line":150,"column":17},"end":{"line":154,"column":null}}]},"32":{"loc":{"start":{"line":150,"column":17},"end":{"line":154,"column":null}},"type":"cond-expr","locations":[{"start":{"line":151,"column":18},"end":{"line":153,"column":19}},{"start":{"line":153,"column":18},"end":{"line":154,"column":null}}]},"33":{"loc":{"start":{"line":230,"column":65},"end":{"line":230,"column":129}},"type":"cond-expr","locations":[{"start":{"line":230,"column":94},"end":{"line":230,"column":113}},{"start":{"line":230,"column":113},"end":{"line":230,"column":129}}]}},"s":{"0":0,"1":0,"2":0,"3":0,"4":0,"5":0,"6":0,"7":0,"8":0,"9":0,"10":0,"11":0,"12":0,"13":0,"14":0,"15":0,"16":0,"17":0,"18":0,"19":0,"20":0,"21":0,"22":0,"23":0,"24":0,"25":0,"26":0,"27":0,"28":0,"29":0,"30":0,"31":0,"32":0,"33":0,"34":0,"35":0,"36":0},"f":{"0":0,"1":0,"2":0,"3":0,"4":0,"5":0,"6":0,"7":0,"8":0,"9":0,"10":0,"11":0,"12":0,"13":0,"14":0,"15":0,"16":0,"17":0,"18":0,"19":0,"20":0},"b":{"0":[0,0],"1":[0,0],"2":[0,0],"3":[0,0],"4":[0,0],"5":[0,0],"6":[0,0],"7":[0,0],"8":[0,0],"9":[0,0],"10":[0,0],"11":[0,0],"12":[0,0],"13":[0,0],"14":[0,0],"15":[0,0],"16":[0,0],"17":[0,0],"18":[0,0],"19":[0,0],"20":[0,0],"21":[0,0],"22":[0,0],"23":[0,0],"24":[0,0],"25":[0,0],"26":[0,0],"27":[0,0],"28":[0,0],"29":[0,0],"30":[0,0],"31":[0,0],"32":[0,0],"33":[0,0]}}
,"/home/runner/work/arm-fe/arm-fe/src/components/DeviceSensorReading.tsx": {"path":"/home/runner/work/arm-fe/arm-fe/src/components/DeviceSensorReading.tsx","statementMap":{"0":{"start":{"line":16,"column":43},"end":{"line":38,"column":null}},"1":{"start":{"line":40,"column":38},"end":{"line":96,"column":null}},"2":{"start":{"line":41,"column":34},"end":{"line":41,"column":null}},"3":{"start":{"line":43,"column":2},"end":{"line":57,"column":null}},"4":{"start":{"line":44,"column":28},"end":{"line":54,"column":null}},"5":{"start":{"line":45,"column":6},"end":{"line":53,"column":null}},"6":{"start":{"line":50,"column":8},"end":{"line":50,"column":null}},"7":{"start":{"line":52,"column":8},"end":{"line":52,"column":null}},"8":{"start":{"line":56,"column":4},"end":{"line":56,"column":null}},"9":{"start":{"line":61,"column":22},"end":{"line":71,"column":null}},"10":{"start":{"line":62,"column":23},"end":{"line":62,"column":null}},"11":{"start":{"line":63,"column":18},"end":{"line":63,"column":null}},"12":{"start":{"line":65,"column":4},"end":{"line":67,"column":null}},"13":{"start":{"line":66,"column":6},"end":{"line":66,"column":null}},"14":{"start":{"line":69,"column":4},"end":{"line":69,"column":null}},"15":{"start":{"line":70,"column":4},"end":{"line":70,"column":null}}},"fnMap":{"0":{"name":"(anonymous_0)","decl":{"start":{"line":40,"column":38},"end":{"line":40,"column":null}},"loc":{"start":{"line":40,"column":38},"end":{"line":96,"column":null}}},"1":{"name":"(anonymous_1)","decl":{"start":{"line":43,"column":12},"end":{"line":43,"column":null}},"loc":{"start":{"line":43,"column":12},"end":{"line":57,"column":5}}},"2":{"name":"(anonymous_2)","decl":{"start":{"line":44,"column":28},"end":{"line":44,"column":null}},"loc":{"start":{"line":44,"column":28},"end":{"line":54,"column":null}}},"3":{"name":"(anonymous_3)","decl":{"start":{"line":61,"column":38},"end":{"line":61,"column":39}},"loc":{"start":{"line":61,"column":70},"end":{"line":71,"column":5}}}},"branchMap":{"0":{"loc":{"start":{"line":65,"column":4},"end":{"line":67,"column":null}},"type":"if","locations":[{"start":{"line":65,"column":4},"end":{"line":67,"column":null}},{"start":{},"end":{}}]}},"s":{"0":0,"1":0,"2":0,"3":0,"4":0,"5":0,"6":0,"7":0,"8":0,"9":0,"10":0,"11":0,"12":0,"13":0,"14":0,"15":0},"f":{"0":0,"1":0,"2":0,"3":0},"b":{"0":[0,0]}}
,"/home/runner/work/arm-fe/arm-fe/src/components/Header.tsx": {"path":"/home/runner/work/arm-fe/arm-fe/src/components/Header.tsx","statementMap":{"0":{"start":{"line":11,"column":38},"end":{"line":46,"column":null}},"1":{"start":{"line":12,"column":42},"end":{"line":12,"column":null}},"2":{"start":{"line":14,"column":25},"end":{"line":16,"column":null}},"3":{"start":{"line":15,"column":4},"end":{"line":15,"column":null}}},"fnMap":{"0":{"name":"(anonymous_0)","decl":{"start":{"line":11,"column":38},"end":{"line":11,"column":39}},"loc":{"start":{"line":11,"column":62},"end":{"line":46,"column":null}}},"1":{"name":"(anonymous_1)","decl":{"start":{"line":14,"column":25},"end":{"line":14,"column":null}},"loc":{"start":{"line":14,"column":25},"end":{"line":16,"column":null}}}},"branchMap":{"0":{"loc":{"start":{"line":29,"column":9},"end":{"line":29,"column":null}},"type":"binary-expr","locations":[{"start":{"line":29,"column":9},"end":{"line":29,"column":null}}]}},"s":{"0":1,"1":8,"2":8,"3":4},"f":{"0":8,"1":4},"b":{"0":[8]}}
,"/home/runner/work/arm-fe/arm-fe/src/components/LiveStatusChart.tsx": {"path":"/home/runner/work/arm-fe/arm-fe/src/components/LiveStatusChart.tsx","statementMap":{"0":{"start":{"line":29,"column":56},"end":{"line":72,"column":null}},"1":{"start":{"line":37,"column":2},"end":{"line":40,"column":null}},"2":{"start":{"line":38,"column":4},"end":{"line":38,"column":null}},"3":{"start":{"line":39,"column":4},"end":{"line":39,"column":null}},"4":{"start":{"line":51,"column":43},"end":{"line":51,"column":null}},"5":{"start":{"line":56,"column":44},"end":{"line":56,"column":54}},"6":{"start":{"line":59,"column":51},"end":{"line":59,"column":null}}},"fnMap":{"0":{"name":"(anonymous_0)","decl":{"start":{"line":29,"column":56},"end":{"line":29,"column":57}},"loc":{"start":{"line":35,"column":1},"end":{"line":72,"column":null}}},"1":{"name":"(anonymous_1)","decl":{"start":{"line":37,"column":18},"end":{"line":37,"column":null}},"loc":{"start":{"line":37,"column":18},"end":{"line":40,"column":5}}},"2":{"name":"(anonymous_2)","decl":{"start":{"line":51,"column":25},"end":{"line":51,"column":26}},"loc":{"start":{"line":51,"column":43},"end":{"line":51,"column":null}}},"3":{"name":"(anonymous_3)","decl":{"start":{"line":56,"column":25},"end":{"line":56,"column":26}},"loc":{"start":{"line":56,"column":44},"end":{"line":56,"column":54}}},"4":{"name":"(anonymous_4)","decl":{"start":{"line":59,"column":33},"end":{"line":59,"column":34}},"loc":{"start":{"line":59,"column":51},"end":{"line":59,"column":null}}}},"branchMap":{"0":{"loc":{"start":{"line":57,"column":18},"end":{"line":57,"column":null}},"type":"binary-expr","locations":[{"start":{"line":57,"column":18},"end":{"line":57,"column":33}},{"start":{"line":57,"column":33},"end":{"line":57,"column":null}}]}},"s":{"0":0,"1":0,"2":0,"3":0,"4":0,"5":0,"6":0},"f":{"0":0,"1":0,"2":0,"3":0,"4":0},"b":{"0":[0,0]}}
,"/home/runner/work/arm-fe/arm-fe/src/components/Pagination.tsx": {"path":"/home/runner/work/arm-fe/arm-fe/src/components/Pagination.tsx","statementMap":{"0":{"start":{"line":9,"column":46},"end":{"line":37,"column":null}},"1":{"start":{"line":10,"column":27},"end":{"line":14,"column":null}},"2":{"start":{"line":11,"column":4},"end":{"line":13,"column":null}},"3":{"start":{"line":12,"column":6},"end":{"line":12,"column":null}},"4":{"start":{"line":19,"column":23},"end":{"line":19,"column":null}},"5":{"start":{"line":29,"column":23},"end":{"line":29,"column":null}}},"fnMap":{"0":{"name":"(anonymous_0)","decl":{"start":{"line":9,"column":46},"end":{"line":9,"column":47}},"loc":{"start":{"line":9,"column":88},"end":{"line":37,"column":null}}},"1":{"name":"(anonymous_1)","decl":{"start":{"line":10,"column":27},"end":{"line":10,"column":28}},"loc":{"start":{"line":10,"column":28},"end":{"line":14,"column":null}}},"2":{"name":"(anonymous_2)","decl":{"start":{"line":19,"column":17},"end":{"line":19,"column":23}},"loc":{"start":{"line":19,"column":23},"end":{"line":19,"column":null}}},"3":{"name":"(anonymous_3)","decl":{"start":{"line":29,"column":17},"end":{"line":29,"column":23}},"loc":{"start":{"line":29,"column":23},"end":{"line":29,"column":null}}}},"branchMap":{"0":{"loc":{"start":{"line":11,"column":4},"end":{"line":13,"column":null}},"type":"if","locations":[{"start":{"line":11,"column":4},"end":{"line":13,"column":null}},{"start":{},"end":{}}]},"1":{"loc":{"start":{"line":11,"column":8},"end":{"line":11,"column":47}},"type":"binary-expr","locations":[{"start":{"line":11,"column":8},"end":{"line":11,"column":24}},{"start":{"line":11,"column":24},"end":{"line":11,"column":47}}]}},"s":{"0":3,"1":30,"2":2,"3":2,"4":1,"5":1},"f":{"0":30,"1":2,"2":1,"3":1},"b":{"0":[2,0],"1":[2,2]}}
,"/home/runner/work/arm-fe/arm-fe/src/components/Sidebar.tsx": {"path":"/home/runner/work/arm-fe/arm-fe/src/components/Sidebar.tsx","statementMap":{"0":{"start":{"line":22,"column":40},"end":{"line":67,"column":null}},"1":{"start":{"line":23,"column":30},"end":{"line":23,"column":null}},"2":{"start":{"line":25,"column":24},"end":{"line":27,"column":null}},"3":{"start":{"line":26,"column":4},"end":{"line":26,"column":null}}},"fnMap":{"0":{"name":"(anonymous_0)","decl":{"start":{"line":22,"column":40},"end":{"line":22,"column":41}},"loc":{"start":{"line":22,"column":56},"end":{"line":67,"column":null}}},"1":{"name":"(anonymous_1)","decl":{"start":{"line":25,"column":24},"end":{"line":25,"column":null}},"loc":{"start":{"line":25,"column":24},"end":{"line":27,"column":null}}}},"branchMap":{"0":{"loc":{"start":{"line":32,"column":8},"end":{"line":32,"column":null}},"type":"cond-expr","locations":[{"start":{"line":32,"column":17},"end":{"line":32,"column":26}},{"start":{"line":32,"column":26},"end":{"line":32,"column":null}}]},"1":{"loc":{"start":{"line":37,"column":63},"end":{"line":37,"column":93}},"type":"cond-expr","locations":[{"start":{"line":37,"column":72},"end":{"line":37,"column":83}},{"start":{"line":37,"column":83},"end":{"line":37,"column":93}}]},"2":{"loc":{"start":{"line":53,"column":11},"end":{"line":53,"column":null}},"type":"binary-expr","locations":[{"start":{"line":53,"column":11},"end":{"line":53,"column":null}}]}},"s":{"0":0,"1":0,"2":0,"3":0},"f":{"0":0,"1":0},"b":{"0":[0,0],"1":[0,0],"2":[0]}}
,"/home/runner/work/arm-fe/arm-fe/src/components/StatusBadge.tsx": {"path":"/home/runner/work/arm-fe/arm-fe/src/components/StatusBadge.tsx","statementMap":{"0":{"start":{"line":7,"column":48},"end":{"line":21,"column":null}},"1":{"start":{"line":8,"column":19},"end":{"line":8,"column":null}}},"fnMap":{"0":{"name":"(anonymous_0)","decl":{"start":{"line":7,"column":48},"end":{"line":7,"column":49}},"loc":{"start":{"line":7,"column":59},"end":{"line":21,"column":null}}}},"branchMap":{"0":{"loc":{"start":{"line":13,"column":8},"end":{"line":15,"column":null}},"type":"cond-expr","locations":[{"start":{"line":14,"column":12},"end":{"line":14,"column":null}},{"start":{"line":15,"column":12},"end":{"line":15,"column":null}}]},"1":{"loc":{"start":{"line":18,"column":7},"end":{"line":18,"column":null}},"type":"cond-expr","locations":[{"start":{"line":18,"column":18},"end":{"line":18,"column":29}},{"start":{"line":18,"column":29},"end":{"line":18,"column":null}}]}},"s":{"0":1,"1":2},"f":{"0":2},"b":{"0":[1,1],"1":[1,1]}}
,"/home/runner/work/arm-fe/arm-fe/src/components/Submenu.tsx": {"path":"/home/runner/work/arm-fe/arm-fe/src/components/Submenu.tsx","statementMap":{"0":{"start":{"line":9,"column":40},"end":{"line":78,"column":null}},"1":{"start":{"line":10,"column":25},"end":{"line":10,"column":null}},"2":{"start":{"line":12,"column":44},"end":{"line":13,"column":null}},"3":{"start":{"line":16,"column":23},"end":{"line":19,"column":null}},"4":{"start":{"line":17,"column":4},"end":{"line":17,"column":null}},"5":{"start":{"line":18,"column":4},"end":{"line":18,"column":null}},"6":{"start":{"line":27,"column":25},"end":{"line":27,"column":null}},"7":{"start":{"line":37,"column":25},"end":{"line":37,"column":null}},"8":{"start":{"line":48,"column":25},"end":{"line":48,"column":null}},"9":{"start":{"line":58,"column":25},"end":{"line":58,"column":null}},"10":{"start":{"line":69,"column":25},"end":{"line":69,"column":null}}},"fnMap":{"0":{"name":"(anonymous_0)","decl":{"start":{"line":9,"column":40},"end":{"line":9,"column":41}},"loc":{"start":{"line":9,"column":53},"end":{"line":78,"column":null}}},"1":{"name":"(anonymous_1)","decl":{"start":{"line":16,"column":23},"end":{"line":16,"column":24}},"loc":{"start":{"line":16,"column":24},"end":{"line":19,"column":null}}},"2":{"name":"(anonymous_2)","decl":{"start":{"line":27,"column":19},"end":{"line":27,"column":25}},"loc":{"start":{"line":27,"column":25},"end":{"line":27,"column":null}}},"3":{"name":"(anonymous_3)","decl":{"start":{"line":37,"column":19},"end":{"line":37,"column":25}},"loc":{"start":{"line":37,"column":25},"end":{"line":37,"column":null}}},"4":{"name":"(anonymous_4)","decl":{"start":{"line":48,"column":19},"end":{"line":48,"column":25}},"loc":{"start":{"line":48,"column":25},"end":{"line":48,"column":null}}},"5":{"name":"(anonymous_5)","decl":{"start":{"line":58,"column":19},"end":{"line":58,"column":25}},"loc":{"start":{"line":58,"column":25},"end":{"line":58,"column":null}}},"6":{"name":"(anonymous_6)","decl":{"start":{"line":69,"column":19},"end":{"line":69,"column":25}},"loc":{"start":{"line":69,"column":25},"end":{"line":69,"column":null}}}},"branchMap":{"0":{"loc":{"start":{"line":13,"column":4},"end":{"line":13,"column":null}},"type":"binary-expr","locations":[{"start":{"line":13,"column":4},"end":{"line":13,"column":35}},{"start":{"line":13,"column":35},"end":{"line":13,"column":null}}]},"1":{"loc":{"start":{"line":25,"column":12},"end":{"line":25,"column":null}},"type":"cond-expr","locations":[{"start":{"line":25,"column":43},"end":{"line":25,"column":86}},{"start":{"line":25,"column":86},"end":{"line":25,"column":null}}]},"2":{"loc":{"start":{"line":35,"column":12},"end":{"line":35,"column":null}},"type":"cond-expr","locations":[{"start":{"line":35,"column":42},"end":{"line":35,"column":85}},{"start":{"line":35,"column":85},"end":{"line":35,"column":null}}]},"3":{"loc":{"start":{"line":46,"column":12},"end":{"line":46,"column":null}},"type":"cond-expr","locations":[{"start":{"line":46,"column":46},"end":{"line":46,"column":89}},{"start":{"line":46,"column":89},"end":{"line":46,"column":null}}]},"4":{"loc":{"start":{"line":56,"column":12},"end":{"line":56,"column":null}},"type":"cond-expr","locations":[{"start":{"line":56,"column":46},"end":{"line":56,"column":89}},{"start":{"line":56,"column":89},"end":{"line":56,"column":null}}]},"5":{"loc":{"start":{"line":67,"column":12},"end":{"line":67,"column":null}},"type":"cond-expr","locations":[{"start":{"line":67,"column":47},"end":{"line":67,"column":90}},{"start":{"line":67,"column":90},"end":{"line":67,"column":null}}]}},"s":{"0":1,"1":1,"2":1,"3":1,"4":0,"5":0,"6":0,"7":0,"8":0,"9":0,"10":0},"f":{"0":1,"1":0,"2":0,"3":0,"4":0,"5":0,"6":0},"b":{"0":[1,1],"1":[1,0],"2":[0,1],"3":[0,1],"4":[0,1],"5":[0,1]}}
,"/home/runner/work/arm-fe/arm-fe/src/components/Table.tsx": {"path":"/home/runner/work/arm-fe/arm-fe/src/components/Table.tsx","statementMap":{"0":{"start":{"line":8,"column":36},"end":{"line":23,"column":null}}},"fnMap":{"0":{"name":"(anonymous_0)","decl":{"start":{"line":8,"column":36},"end":{"line":8,"column":37}},"loc":{"start":{"line":8,"column":54},"end":{"line":23,"column":null}}}},"branchMap":{},"s":{"0":4},"f":{"0":28},"b":{}}
,"/home/runner/work/arm-fe/arm-fe/src/components/Title.tsx": {"path":"/home/runner/work/arm-fe/arm-fe/src/components/Title.tsx","statementMap":{"0":{"start":{"line":9,"column":36},"end":{"line":15,"column":null}}},"fnMap":{"0":{"name":"(anonymous_0)","decl":{"start":{"line":9,"column":36},"end":{"line":9,"column":37}},"loc":{"start":{"line":9,"column":46},"end":{"line":15,"column":null}}}},"branchMap":{},"s":{"0":3},"f":{"0":24},"b":{}}
,"/home/runner/work/arm-fe/arm-fe/src/components/UpdDeviceForm.tsx": {"path":"/home/runner/work/arm-fe/arm-fe/src/components/UpdDeviceForm.tsx","statementMap":{"0":{"start":{"line":8,"column":32},"end":{"line":200,"column":null}},"1":{"start":{"line":9,"column":20},"end":{"line":9,"column":null}},"2":{"start":{"line":10,"column":26},"end":{"line":10,"column":null}},"3":{"start":{"line":11,"column":30},"end":{"line":11,"column":null}},"4":{"start":{"line":13,"column":32},"end":{"line":13,"column":null}},"5":{"start":{"line":14,"column":28},"end":{"line":14,"column":null}},"6":{"start":{"line":15,"column":19},"end":{"line":15,"column":null}},"7":{"start":{"line":16,"column":32},"end":{"line":16,"column":null}},"8":{"start":{"line":19,"column":38},"end":{"line":25,"column":null}},"9":{"start":{"line":27,"column":2},"end":{"line":44,"column":null}},"10":{"start":{"line":28,"column":25},"end":{"line":41,"column":null}},"11":{"start":{"line":29,"column":6},"end":{"line":40,"column":null}},"12":{"start":{"line":30,"column":8},"end":{"line":30,"column":null}},"13":{"start":{"line":31,"column":8},"end":{"line":39,"column":null}},"14":{"start":{"line":32,"column":30},"end":{"line":32,"column":null}},"15":{"start":{"line":33,"column":10},"end":{"line":33,"column":null}},"16":{"start":{"line":35,"column":10},"end":{"line":35,"column":null}},"17":{"start":{"line":36,"column":10},"end":{"line":36,"column":null}},"18":{"start":{"line":38,"column":10},"end":{"line":38,"column":null}},"19":{"start":{"line":43,"column":4},"end":{"line":43,"column":null}},"20":{"start":{"line":47,"column":28},"end":{"line":54,"column":null}},"21":{"start":{"line":48,"column":26},"end":{"line":48,"column":34}},"22":{"start":{"line":50,"column":4},"end":{"line":53,"column":null}},"23":{"start":{"line":50,"column":35},"end":{"line":53,"column":null}},"24":{"start":{"line":56,"column":29},"end":{"line":63,"column":null}},"25":{"start":{"line":57,"column":22},"end":{"line":57,"column":30}},"26":{"start":{"line":59,"column":4},"end":{"line":62,"column":null}},"27":{"start":{"line":59,"column":35},"end":{"line":62,"column":null}},"28":{"start":{"line":66,"column":21},"end":{"line":91,"column":null}},"29":{"start":{"line":67,"column":4},"end":{"line":90,"column":null}},"30":{"start":{"line":68,"column":28},"end":{"line":76,"column":null}},"31":{"start":{"line":78,"column":6},"end":{"line":89,"column":null}},"32":{"start":{"line":79,"column":8},"end":{"line":79,"column":null}},"33":{"start":{"line":80,"column":8},"end":{"line":80,"column":null}},"34":{"start":{"line":82,"column":8},"end":{"line":82,"column":null}},"35":{"start":{"line":84,"column":8},"end":{"line":84,"column":null}},"36":{"start":{"line":85,"column":8},"end":{"line":85,"column":null}},"37":{"start":{"line":87,"column":8},"end":{"line":87,"column":null}},"38":{"start":{"line":88,"column":8},"end":{"line":88,"column":null}},"39":{"start":{"line":93,"column":23},"end":{"line":95,"column":null}},"40":{"start":{"line":94,"column":4},"end":{"line":94,"column":null}},"41":{"start":{"line":104,"column":31},"end":{"line":104,"column":null}}},"fnMap":{"0":{"name":"(anonymous_0)","decl":{"start":{"line":8,"column":32},"end":{"line":8,"column":null}},"loc":{"start":{"line":8,"column":32},"end":{"line":200,"column":null}}},"1":{"name":"(anonymous_1)","decl":{"start":{"line":27,"column":12},"end":{"line":27,"column":null}},"loc":{"start":{"line":27,"column":12},"end":{"line":44,"column":5}}},"2":{"name":"(anonymous_2)","decl":{"start":{"line":28,"column":25},"end":{"line":28,"column":null}},"loc":{"start":{"line":28,"column":25},"end":{"line":41,"column":null}}},"3":{"name":"(anonymous_3)","decl":{"start":{"line":47,"column":28},"end":{"line":47,"column":29}},"loc":{"start":{"line":47,"column":29},"end":{"line":54,"column":null}}},"4":{"name":"(anonymous_4)","decl":{"start":{"line":50,"column":18},"end":{"line":50,"column":19}},"loc":{"start":{"line":50,"column":35},"end":{"line":53,"column":null}}},"5":{"name":"(anonymous_5)","decl":{"start":{"line":56,"column":29},"end":{"line":56,"column":30}},"loc":{"start":{"line":56,"column":30},"end":{"line":63,"column":null}}},"6":{"name":"(anonymous_6)","decl":{"start":{"line":59,"column":18},"end":{"line":59,"column":19}},"loc":{"start":{"line":59,"column":35},"end":{"line":62,"column":null}}},"7":{"name":"(anonymous_7)","decl":{"start":{"line":66,"column":21},"end":{"line":66,"column":null}},"loc":{"start":{"line":66,"column":21},"end":{"line":91,"column":null}}},"8":{"name":"(anonymous_8)","decl":{"start":{"line":93,"column":23},"end":{"line":93,"column":null}},"loc":{"start":{"line":93,"column":23},"end":{"line":95,"column":null}}},"9":{"name":"(anonymous_9)","decl":{"start":{"line":104,"column":24},"end":{"line":104,"column":25}},"loc":{"start":{"line":104,"column":31},"end":{"line":104,"column":null}}}},"branchMap":{"0":{"loc":{"start":{"line":16,"column":51},"end":{"line":16,"column":72}},"type":"binary-expr","locations":[{"start":{"line":16,"column":51},"end":{"line":16,"column":70}},{"start":{"line":16,"column":70},"end":{"line":16,"column":72}}]},"1":{"loc":{"start":{"line":20,"column":10},"end":{"line":20,"column":null}},"type":"binary-expr","locations":[{"start":{"line":20,"column":10},"end":{"line":20,"column":26}},{"start":{"line":20,"column":26},"end":{"line":20,"column":null}}]},"2":{"loc":{"start":{"line":21,"column":10},"end":{"line":21,"column":null}},"type":"binary-expr","locations":[{"start":{"line":21,"column":10},"end":{"line":21,"column":26}},{"start":{"line":21,"column":26},"end":{"line":21,"column":null}}]},"3":{"loc":{"start":{"line":22,"column":14},"end":{"line":22,"column":null}},"type":"binary-expr","locations":[{"start":{"line":22,"column":14},"end":{"line":22,"column":34}},{"start":{"line":22,"column":34},"end":{"line":22,"column":null}}]},"4":{"loc":{"start":{"line":23,"column":14},"end":{"line":23,"column":null}},"type":"binary-expr","locations":[{"start":{"line":23,"column":14},"end":{"line":23,"column":34}},{"start":{"line":23,"column":34},"end":{"line":23,"column":null}}]},"5":{"loc":{"start":{"line":24,"column":12},"end":{"line":24,"column":null}},"type":"binary-expr","locations":[{"start":{"line":24,"column":12},"end":{"line":24,"column":30}},{"start":{"line":24,"column":30},"end":{"line":24,"column":null}}]},"6":{"loc":{"start":{"line":29,"column":6},"end":{"line":40,"column":null}},"type":"if","locations":[{"start":{"line":29,"column":6},"end":{"line":40,"column":null}},{"start":{},"end":{}}]},"7":{"loc":{"start":{"line":67,"column":4},"end":{"line":90,"column":null}},"type":"if","locations":[{"start":{"line":67,"column":4},"end":{"line":90,"column":null}},{"start":{},"end":{}}]},"8":{"loc":{"start":{"line":67,"column":8},"end":{"line":67,"column":27}},"type":"binary-expr","locations":[{"start":{"line":67,"column":8},"end":{"line":67,"column":18}},{"start":{"line":67,"column":18},"end":{"line":67,"column":27}}]},"9":{"loc":{"start":{"line":103,"column":7},"end":{"line":103,"column":null}},"type":"binary-expr","locations":[{"start":{"line":103,"column":7},"end":{"line":103,"column":null}}]}},"s":{"0":0,"1":0,"2":0,"3":0,"4":0,"5":0,"6":0,"7":0,"8":0,"9":0,"10":0,"11":0,"12":0,"13":0,"14":0,"15":0,"16":0,"17":0,"18":0,"19":0,"20":0,"21":0,"22":0,"23":0,"24":0,"25":0,"26":0,"27":0,"28":0,"29":0,"30":0,"31":0,"32":0,"33":0,"34":0,"35":0,"36":0,"37":0,"38":0,"39":0,"40":0,"41":0},"f":{"0":0,"1":0,"2":0,"3":0,"4":0,"5":0,"6":0,"7":0,"8":0,"9":0},"b":{"0":[0,0],"1":[0,0],"2":[0,0],"3":[0,0],"4":[0,0],"5":[0,0],"6":[0,0],"7":[0,0],"8":[0,0],"9":[0]}}
,"/home/runner/work/arm-fe/arm-fe/src/components/Device/DeviceForm.tsx": {"path":"/home/runner/work/arm-fe/arm-fe/src/components/Device/DeviceForm.tsx","statementMap":{"0":{"start":{"line":6,"column":31},"end":{"line":152,"column":null}},"1":{"start":{"line":7,"column":30},"end":{"line":7,"column":null}},"2":{"start":{"line":8,"column":32},"end":{"line":8,"column":null}},"3":{"start":{"line":9,"column":28},"end":{"line":9,"column":null}},"4":{"start":{"line":10,"column":23},"end":{"line":10,"column":null}},"5":{"start":{"line":13,"column":30},"end":{"line":48,"column":null}},"6":{"start":{"line":50,"column":22},"end":{"line":58,"column":null}},"7":{"start":{"line":51,"column":4},"end":{"line":57,"column":null}},"8":{"start":{"line":54,"column":8},"end":{"line":54,"column":null}},"9":{"start":{"line":60,"column":2},"end":{"line":72,"column":null}},"10":{"start":{"line":61,"column":4},"end":{"line":71,"column":null}},"11":{"start":{"line":62,"column":6},"end":{"line":70,"column":null}},"12":{"start":{"line":64,"column":10},"end":{"line":64,"column":null}},"13":{"start":{"line":65,"column":10},"end":{"line":65,"column":null}},"14":{"start":{"line":68,"column":10},"end":{"line":68,"column":null}},"15":{"start":{"line":69,"column":10},"end":{"line":69,"column":null}}},"fnMap":{"0":{"name":"(anonymous_0)","decl":{"start":{"line":6,"column":31},"end":{"line":6,"column":null}},"loc":{"start":{"line":6,"column":31},"end":{"line":152,"column":null}}},"1":{"name":"(anonymous_1)","decl":{"start":{"line":50,"column":22},"end":{"line":50,"column":23}},"loc":{"start":{"line":50,"column":23},"end":{"line":58,"column":null}}},"2":{"name":"(anonymous_2)","decl":{"start":{"line":51,"column":23},"end":{"line":51,"column":24}},"loc":{"start":{"line":51,"column":24},"end":{"line":57,"column":null}}},"3":{"name":"(anonymous_3)","decl":{"start":{"line":52,"column":17},"end":{"line":52,"column":null}},"loc":{"start":{"line":52,"column":17},"end":{"line":56,"column":9}}},"4":{"name":"(anonymous_4)","decl":{"start":{"line":60,"column":12},"end":{"line":60,"column":null}},"loc":{"start":{"line":60,"column":12},"end":{"line":72,"column":5}}},"5":{"name":"(anonymous_5)","decl":{"start":{"line":63,"column":14},"end":{"line":63,"column":15}},"loc":{"start":{"line":63,"column":15},"end":{"line":66,"column":null}}},"6":{"name":"(anonymous_6)","decl":{"start":{"line":67,"column":15},"end":{"line":67,"column":16}},"loc":{"start":{"line":67,"column":16},"end":{"line":70,"column":null}}}},"branchMap":{"0":{"loc":{"start":{"line":61,"column":4},"end":{"line":71,"column":null}},"type":"if","locations":[{"start":{"line":61,"column":4},"end":{"line":71,"column":null}},{"start":{},"end":{}}]},"1":{"loc":{"start":{"line":80,"column":7},"end":{"line":80,"column":null}},"type":"binary-expr","locations":[{"start":{"line":80,"column":7},"end":{"line":80,"column":null}}]}},"s":{"0":0,"1":0,"2":0,"3":0,"4":0,"5":0,"6":0,"7":0,"8":0,"9":0,"10":0,"11":0,"12":0,"13":0,"14":0,"15":0},"f":{"0":0,"1":0,"2":0,"3":0,"4":0,"5":0,"6":0},"b":{"0":[0,0],"1":[0]}}
,"/home/runner/work/arm-fe/arm-fe/src/components/sidebar/ListItem.tsx": {"path":"/home/runner/work/arm-fe/arm-fe/src/components/sidebar/ListItem.tsx","statementMap":{"0":{"start":{"line":15,"column":42},"end":{"line":24,"column":null}}},"fnMap":{"0":{"name":"(anonymous_0)","decl":{"start":{"line":15,"column":42},"end":{"line":15,"column":43}},"loc":{"start":{"line":15,"column":69},"end":{"line":24,"column":null}}}},"branchMap":{"0":{"loc":{"start":{"line":19,"column":9},"end":{"line":19,"column":17}},"type":"binary-expr","locations":[{"start":{"line":19,"column":9},"end":{"line":19,"column":17}}]},"1":{"loc":{"start":{"line":20,"column":28},"end":{"line":20,"column":58}},"type":"cond-expr","locations":[{"start":{"line":20,"column":37},"end":{"line":20,"column":48}},{"start":{"line":20,"column":48},"end":{"line":20,"column":58}}]}},"s":{"0":1},"f":{"0":4},"b":{"0":[4],"1":[3,1]}}
,"/home/runner/work/arm-fe/arm-fe/src/pages/analytics/Analytics.page.tsx": {"path":"/home/runner/work/arm-fe/arm-fe/src/pages/analytics/Analytics.page.tsx","statementMap":{"0":{"start":{"line":27,"column":22},"end":{"line":40,"column":null}},"1":{"start":{"line":42,"column":21},"end":{"line":48,"column":null}},"2":{"start":{"line":50,"column":30},"end":{"line":173,"column":null}},"3":{"start":{"line":175,"column":19},"end":{"line":200,"column":null}},"4":{"start":{"line":203,"column":24},"end":{"line":208,"column":null}},"5":{"start":{"line":211,"column":13},"end":{"line":219,"column":null}},"6":{"start":{"line":221,"column":32},"end":{"line":324,"column":null}}},"fnMap":{"0":{"name":"(anonymous_0)","decl":{"start":{"line":221,"column":32},"end":{"line":221,"column":null}},"loc":{"start":{"line":221,"column":32},"end":{"line":324,"column":null}}},"1":{"name":"(anonymous_1)","decl":{"start":{"line":284,"column":20},"end":{"line":284,"column":27}},"loc":{"start":{"line":284,"column":20},"end":{"line":284,"column":null}}},"2":{"name":"(anonymous_2)","decl":{"start":{"line":285,"column":22},"end":{"line":285,"column":29}},"loc":{"start":{"line":285,"column":22},"end":{"line":285,"column":null}}},"3":{"name":"(anonymous_3)","decl":{"start":{"line":286,"column":20},"end":{"line":286,"column":27}},"loc":{"start":{"line":286,"column":20},"end":{"line":286,"column":null}}}},"branchMap":{},"s":{"0":0,"1":0,"2":0,"3":0,"4":0,"5":0,"6":0},"f":{"0":0,"1":0,"2":0,"3":0},"b":{}}
,"/home/runner/work/arm-fe/arm-fe/src/pages/company/CompanyHierarchy.page.tsx": {"path":"/home/runner/work/arm-fe/arm-fe/src/pages/company/CompanyHierarchy.page.tsx","statementMap":{"0":{"start":{"line":5,"column":35},"end":{"line":16,"column":null}},"1":{"start":{"line":25,"column":47},"end":{"line":51,"column":null}}},"fnMap":{"0":{"name":"(anonymous_0)","decl":{"start":{"line":5,"column":35},"end":{"line":5,"column":null}},"loc":{"start":{"line":5,"column":35},"end":{"line":16,"column":null}}},"1":{"name":"(anonymous_1)","decl":{"start":{"line":25,"column":47},"end":{"line":25,"column":48}},"loc":{"start":{"line":25,"column":56},"end":{"line":51,"column":null}}}},"branchMap":{"0":{"loc":{"start":{"line":35,"column":7},"end":{"line":35,"column":20}},"type":"binary-expr","locations":[{"start":{"line":35,"column":7},"end":{"line":35,"column":20}}]}},"s":{"0":0,"1":0},"f":{"0":0,"1":0},"b":{"0":[0]}}
,"/home/runner/work/arm-fe/arm-fe/src/pages/company/mockData.ts": {"path":"/home/runner/work/arm-fe/arm-fe/src/pages/company/mockData.ts","statementMap":{"0":{"start":{"line":1,"column":29},"end":{"line":43,"column":1}}},"fnMap":{},"branchMap":{},"s":{"0":0},"f":{},"b":{}}
,"/home/runner/work/arm-fe/arm-fe/src/pages/dashboard/Dashboard.page.tsx": {"path":"/home/runner/work/arm-fe/arm-fe/src/pages/dashboard/Dashboard.page.tsx","statementMap":{"0":{"start":{"line":34,"column":30},"end":{"line":157,"column":null}},"1":{"start":{"line":160,"column":24},"end":{"line":185,"column":null}},"2":{"start":{"line":188,"column":13},"end":{"line":196,"column":null}},"3":{"start":{"line":198,"column":28},"end":{"line":267,"column":null}},"4":{"start":{"line":201,"column":18},"end":{"line":201,"column":null}}},"fnMap":{"0":{"name":"(anonymous_0)","decl":{"start":{"line":198,"column":28},"end":{"line":198,"column":null}},"loc":{"start":{"line":198,"column":28},"end":{"line":267,"column":null}}},"1":{"name":"(anonymous_2)","decl":{"start":{"line":237,"column":46},"end":{"line":237,"column":53}},"loc":{"start":{"line":237,"column":46},"end":{"line":237,"column":56}}},"2":{"name":"(anonymous_3)","decl":{"start":{"line":237,"column":66},"end":{"line":237,"column":73}},"loc":{"start":{"line":237,"column":66},"end":{"line":237,"column":76}}},"3":{"name":"(anonymous_4)","decl":{"start":{"line":237,"column":84},"end":{"line":237,"column":91}},"loc":{"start":{"line":237,"column":84},"end":{"line":237,"column":null}}}},"branchMap":{},"s":{"0":0,"1":0,"2":0,"3":0,"4":0},"f":{"0":0,"1":0,"2":0,"3":0},"b":{}}
,"/home/runner/work/arm-fe/arm-fe/src/pages/dashboard/Dashboard1.page.tsx": {"path":"/home/runner/work/arm-fe/arm-fe/src/pages/dashboard/Dashboard1.page.tsx","statementMap":{"0":{"start":{"line":5,"column":28},"end":{"line":20,"column":null}},"1":{"start":{"line":6,"column":18},"end":{"line":11,"column":null}}},"fnMap":{"0":{"name":"(anonymous_0)","decl":{"start":{"line":5,"column":28},"end":{"line":5,"column":null}},"loc":{"start":{"line":5,"column":28},"end":{"line":20,"column":null}}}},"branchMap":{},"s":{"0":0,"1":0},"f":{"0":0},"b":{}}
,"/home/runner/work/arm-fe/arm-fe/src/pages/device/AlarmSetting.page.tsx": {"path":"/home/runner/work/arm-fe/arm-fe/src/pages/device/AlarmSetting.page.tsx","statementMap":{"0":{"start":{"line":7,"column":32},"end":{"line":251,"column":null}},"1":{"start":{"line":8,"column":40},"end":{"line":8,"column":null}},"2":{"start":{"line":9,"column":36},"end":{"line":9,"column":null}},"3":{"start":{"line":10,"column":50},"end":{"line":10,"column":null}},"4":{"start":{"line":11,"column":42},"end":{"line":20,"column":null}},"5":{"start":{"line":21,"column":38},"end":{"line":21,"column":null}},"6":{"start":{"line":22,"column":2},"end":{"line":33,"column":null}},"7":{"start":{"line":23,"column":27},"end":{"line":30,"column":null}},"8":{"start":{"line":24,"column":6},"end":{"line":29,"column":null}},"9":{"start":{"line":25,"column":34},"end":{"line":25,"column":null}},"10":{"start":{"line":26,"column":8},"end":{"line":26,"column":null}},"11":{"start":{"line":28,"column":8},"end":{"line":28,"column":null}},"12":{"start":{"line":32,"column":4},"end":{"line":32,"column":null}},"13":{"start":{"line":35,"column":28},"end":{"line":47,"column":null}},"14":{"start":{"line":36,"column":4},"end":{"line":46,"column":null}},"15":{"start":{"line":37,"column":6},"end":{"line":40,"column":null}},"16":{"start":{"line":42,"column":6},"end":{"line":45,"column":null}},"17":{"start":{"line":49,"column":32},"end":{"line":61,"column":null}},"18":{"start":{"line":50,"column":4},"end":{"line":60,"column":null}},"19":{"start":{"line":51,"column":6},"end":{"line":54,"column":null}},"20":{"start":{"line":51,"column":37},"end":{"line":54,"column":null}},"21":{"start":{"line":56,"column":6},"end":{"line":59,"column":null}},"22":{"start":{"line":56,"column":33},"end":{"line":59,"column":null}},"23":{"start":{"line":63,"column":35},"end":{"line":98,"column":null}},"24":{"start":{"line":64,"column":4},"end":{"line":97,"column":null}},"25":{"start":{"line":65,"column":31},"end":{"line":65,"column":null}},"26":{"start":{"line":66,"column":6},"end":{"line":77,"column":null}},"27":{"start":{"line":67,"column":8},"end":{"line":67,"column":null}},"28":{"start":{"line":68,"column":8},"end":{"line":70,"column":null}},"29":{"start":{"line":69,"column":10},"end":{"line":70,"column":null}},"30":{"start":{"line":70,"column":12},"end":{"line":70,"column":null}},"31":{"start":{"line":73,"column":8},"end":{"line":73,"column":null}},"32":{"start":{"line":74,"column":8},"end":{"line":74,"column":null}},"33":{"start":{"line":76,"column":8},"end":{"line":76,"column":null}},"34":{"start":{"line":79,"column":6},"end":{"line":79,"column":null}},"35":{"start":{"line":80,"column":6},"end":{"line":96,"column":null}},"36":{"start":{"line":81,"column":8},"end":{"line":81,"column":null}},"37":{"start":{"line":82,"column":8},"end":{"line":82,"column":null}},"38":{"start":{"line":82,"column":32},"end":{"line":82,"column":null}},"39":{"start":{"line":83,"column":8},"end":{"line":83,"column":null}},"40":{"start":{"line":84,"column":8},"end":{"line":93,"column":null}},"41":{"start":{"line":95,"column":8},"end":{"line":95,"column":null}},"42":{"start":{"line":100,"column":30},"end":{"line":105,"column":null}},"43":{"start":{"line":101,"column":4},"end":{"line":101,"column":null}},"44":{"start":{"line":102,"column":4},"end":{"line":102,"column":null}},"45":{"start":{"line":104,"column":4},"end":{"line":104,"column":null}},"46":{"start":{"line":113,"column":12},"end":{"line":113,"column":null}},"47":{"start":{"line":114,"column":12},"end":{"line":114,"column":null}},"48":{"start":{"line":234,"column":31},"end":{"line":234,"column":null}}},"fnMap":{"0":{"name":"(anonymous_0)","decl":{"start":{"line":7,"column":32},"end":{"line":7,"column":null}},"loc":{"start":{"line":7,"column":32},"end":{"line":251,"column":null}}},"1":{"name":"(anonymous_1)","decl":{"start":{"line":22,"column":12},"end":{"line":22,"column":null}},"loc":{"start":{"line":22,"column":12},"end":{"line":33,"column":5}}},"2":{"name":"(anonymous_2)","decl":{"start":{"line":23,"column":27},"end":{"line":23,"column":null}},"loc":{"start":{"line":23,"column":27},"end":{"line":30,"column":null}}},"3":{"name":"(anonymous_3)","decl":{"start":{"line":35,"column":28},"end":{"line":35,"column":29}},"loc":{"start":{"line":35,"column":29},"end":{"line":47,"column":null}}},"4":{"name":"(anonymous_4)","decl":{"start":{"line":49,"column":32},"end":{"line":49,"column":33}},"loc":{"start":{"line":49,"column":33},"end":{"line":61,"column":null}}},"5":{"name":"(anonymous_5)","decl":{"start":{"line":51,"column":26},"end":{"line":51,"column":27}},"loc":{"start":{"line":51,"column":37},"end":{"line":54,"column":null}}},"6":{"name":"(anonymous_6)","decl":{"start":{"line":56,"column":22},"end":{"line":56,"column":23}},"loc":{"start":{"line":56,"column":33},"end":{"line":59,"column":null}}},"7":{"name":"(anonymous_7)","decl":{"start":{"line":63,"column":35},"end":{"line":63,"column":null}},"loc":{"start":{"line":63,"column":35},"end":{"line":98,"column":null}}},"8":{"name":"(anonymous_8)","decl":{"start":{"line":68,"column":22},"end":{"line":68,"column":23}},"loc":{"start":{"line":69,"column":10},"end":{"line":70,"column":null}}},"9":{"name":"(anonymous_9)","decl":{"start":{"line":69,"column":19},"end":{"line":69,"column":20}},"loc":{"start":{"line":70,"column":12},"end":{"line":70,"column":null}}},"10":{"name":"(anonymous_10)","decl":{"start":{"line":82,"column":22},"end":{"line":82,"column":23}},"loc":{"start":{"line":82,"column":32},"end":{"line":82,"column":null}}},"11":{"name":"(anonymous_11)","decl":{"start":{"line":100,"column":30},"end":{"line":100,"column":31}},"loc":{"start":{"line":100,"column":31},"end":{"line":105,"column":null}}},"12":{"name":"(anonymous_12)","decl":{"start":{"line":112,"column":19},"end":{"line":112,"column":null}},"loc":{"start":{"line":112,"column":19},"end":{"line":125,"column":null}}},"13":{"name":"(anonymous_13)","decl":{"start":{"line":234,"column":25},"end":{"line":234,"column":31}},"loc":{"start":{"line":234,"column":31},"end":{"line":234,"column":null}}}},"branchMap":{"0":{"loc":{"start":{"line":36,"column":4},"end":{"line":46,"column":null}},"type":"if","locations":[{"start":{"line":36,"column":4},"end":{"line":46,"column":null}},{"start":{"line":41,"column":11},"end":{"line":46,"column":null}}]},"1":{"loc":{"start":{"line":36,"column":8},"end":{"line":36,"column":39}},"type":"binary-expr","locations":[{"start":{"line":36,"column":8},"end":{"line":36,"column":21}},{"start":{"line":36,"column":21},"end":{"line":36,"column":39}}]},"2":{"loc":{"start":{"line":50,"column":4},"end":{"line":60,"column":null}},"type":"if","locations":[{"start":{"line":50,"column":4},"end":{"line":60,"column":null}},{"start":{"line":55,"column":11},"end":{"line":60,"column":null}}]},"3":{"loc":{"start":{"line":50,"column":8},"end":{"line":50,"column":39}},"type":"binary-expr","locations":[{"start":{"line":50,"column":8},"end":{"line":50,"column":21}},{"start":{"line":50,"column":21},"end":{"line":50,"column":39}}]},"4":{"loc":{"start":{"line":64,"column":4},"end":{"line":97,"column":null}},"type":"if","locations":[{"start":{"line":64,"column":4},"end":{"line":97,"column":null}},{"start":{"line":78,"column":11},"end":{"line":97,"column":null}}]},"5":{"loc":{"start":{"line":64,"column":8},"end":{"line":64,"column":39}},"type":"binary-expr","locations":[{"start":{"line":64,"column":8},"end":{"line":64,"column":21}},{"start":{"line":64,"column":21},"end":{"line":64,"column":39}}]},"6":{"loc":{"start":{"line":70,"column":12},"end":{"line":70,"column":null}},"type":"cond-expr","locations":[{"start":{"line":70,"column":51},"end":{"line":70,"column":70}},{"start":{"line":70,"column":70},"end":{"line":70,"column":null}}]},"7":{"loc":{"start":{"line":136,"column":7},"end":{"line":136,"column":null}},"type":"binary-expr","locations":[{"start":{"line":136,"column":7},"end":{"line":136,"column":null}}]},"8":{"loc":{"start":{"line":149,"column":18},"end":{"line":149,"column":99}},"type":"cond-expr","locations":[{"start":{"line":149,"column":50},"end":{"line":149,"column":75}},{"start":{"line":149,"column":78},"end":{"line":149,"column":99}}]},"9":{"loc":{"start":{"line":149,"column":18},"end":{"line":149,"column":50}},"type":"binary-expr","locations":[{"start":{"line":149,"column":18},"end":{"line":149,"column":31}},{"start":{"line":149,"column":31},"end":{"line":149,"column":50}}]},"10":{"loc":{"start":{"line":164,"column":18},"end":{"line":164,"column":99}},"type":"cond-expr","locations":[{"start":{"line":164,"column":50},"end":{"line":164,"column":75}},{"start":{"line":164,"column":78},"end":{"line":164,"column":99}}]},"11":{"loc":{"start":{"line":164,"column":18},"end":{"line":164,"column":50}},"type":"binary-expr","locations":[{"start":{"line":164,"column":18},"end":{"line":164,"column":31}},{"start":{"line":164,"column":31},"end":{"line":164,"column":50}}]},"12":{"loc":{"start":{"line":178,"column":18},"end":{"line":178,"column":97}},"type":"cond-expr","locations":[{"start":{"line":178,"column":50},"end":{"line":178,"column":74}},{"start":{"line":178,"column":77},"end":{"line":178,"column":97}}]},"13":{"loc":{"start":{"line":178,"column":18},"end":{"line":178,"column":50}},"type":"binary-expr","locations":[{"start":{"line":178,"column":18},"end":{"line":178,"column":31}},{"start":{"line":178,"column":31},"end":{"line":178,"column":50}}]},"14":{"loc":{"start":{"line":196,"column":23},"end":{"line":196,"column":98}},"type":"cond-expr","locations":[{"start":{"line":196,"column":55},"end":{"line":196,"column":77}},{"start":{"line":196,"column":80},"end":{"line":196,"column":98}}]},"15":{"loc":{"start":{"line":196,"column":23},"end":{"line":196,"column":55}},"type":"binary-expr","locations":[{"start":{"line":196,"column":23},"end":{"line":196,"column":36}},{"start":{"line":196,"column":36},"end":{"line":196,"column":55}}]},"16":{"loc":{"start":{"line":213,"column":23},"end":{"line":213,"column":98}},"type":"cond-expr","locations":[{"start":{"line":213,"column":55},"end":{"line":213,"column":77}},{"start":{"line":213,"column":80},"end":{"line":213,"column":98}}]},"17":{"loc":{"start":{"line":213,"column":23},"end":{"line":213,"column":55}},"type":"binary-expr","locations":[{"start":{"line":213,"column":23},"end":{"line":213,"column":36}},{"start":{"line":213,"column":36},"end":{"line":213,"column":55}}]},"18":{"loc":{"start":{"line":226,"column":23},"end":{"line":226,"column":96}},"type":"cond-expr","locations":[{"start":{"line":226,"column":55},"end":{"line":226,"column":76}},{"start":{"line":226,"column":79},"end":{"line":226,"column":96}}]},"19":{"loc":{"start":{"line":226,"column":23},"end":{"line":226,"column":55}},"type":"binary-expr","locations":[{"start":{"line":226,"column":23},"end":{"line":226,"column":36}},{"start":{"line":226,"column":36},"end":{"line":226,"column":55}}]},"20":{"loc":{"start":{"line":243,"column":17},"end":{"line":243,"column":null}},"type":"cond-expr","locations":[{"start":{"line":243,"column":29},"end":{"line":243,"column":46}},{"start":{"line":243,"column":46},"end":{"line":243,"column":null}}]}},"s":{"0":0,"1":0,"2":0,"3":0,"4":0,"5":0,"6":0,"7":0,"8":0,"9":0,"10":0,"11":0,"12":0,"13":0,"14":0,"15":0,"16":0,"17":0,"18":0,"19":0,"20":0,"21":0,"22
[...]
ull}},"type":"binary-expr","locations":[{"start":{"line":29,"column":22},"end":{"line":29,"column":31}},{"start":{"line":29,"column":35},"end":{"line":29,"column":null}}]},"3":{"loc":{"start":{"line":30,"column":22},"end":{"line":30,"column":null}},"type":"binary-expr","locations":[{"start":{"line":30,"column":22},"end":{"line":30,"column":35}},{"start":{"line":30,"column":39},"end":{"line":30,"column":null}}]},"4":{"loc":{"start":{"line":31,"column":23},"end":{"line":31,"column":null}},"type":"binary-expr","locations":[{"start":{"line":31,"column":23},"end":{"line":31,"column":37}},{"start":{"line":31,"column":41},"end":{"line":31,"column":null}}]},"5":{"loc":{"start":{"line":32,"column":20},"end":{"line":32,"column":null}},"type":"binary-expr","locations":[{"start":{"line":32,"column":20},"end":{"line":32,"column":31}},{"start":{"line":32,"column":35},"end":{"line":32,"column":null}}]},"6":{"loc":{"start":{"line":51,"column":6},"end":{"line":55,"column":null}},"type":"if","locations":[{"start":{"line":51,"column":6},"end":{"line":55,"column":null}},{"start":{"line":53,"column":13},"end":{"line":55,"column":null}}]},"7":{"loc":{"start":{"line":70,"column":6},"end":{"line":74,"column":null}},"type":"if","locations":[{"start":{"line":70,"column":6},"end":{"line":74,"column":null}},{"start":{"line":72,"column":13},"end":{"line":74,"column":null}}]},"8":{"loc":{"start":{"line":81,"column":4},"end":{"line":85,"column":null}},"type":"if","locations":[{"start":{"line":81,"column":4},"end":{"line":85,"column":null}},{"start":{"line":83,"column":11},"end":{"line":85,"column":null}}]},"9":{"loc":{"start":{"line":93,"column":13},"end":{"line":93,"column":null}},"type":"cond-expr","locations":[{"start":{"line":93,"column":22},"end":{"line":93,"column":36}},{"start":{"line":93,"column":36},"end":{"line":93,"column":null}}]},"10":{"loc":{"start":{"line":126,"column":23},"end":{"line":126,"column":null}},"type":"binary-expr","locations":[{"start":{"line":126,"column":23},"end":{"line":126,"column":35}},{"start":{"line":126,"column":35},"end":{"line":126,"column":null}}]},"11":{"loc":{"start":{"line":140,"column":23},"end":{"line":140,"column":null}},"type":"binary-expr","locations":[{"start":{"line":140,"column":23},"end":{"line":140,"column":36}},{"start":{"line":140,"column":36},"end":{"line":140,"column":null}}]},"12":{"loc":{"start":{"line":165,"column":17},"end":{"line":165,"column":null}},"type":"cond-expr","locations":[{"start":{"line":165,"column":26},"end":{"line":165,"column":37}},{"start":{"line":165,"column":37},"end":{"line":165,"column":null}}]},"13":{"loc":{"start":{"line":182,"column":11},"end":{"line":182,"column":23}},"type":"binary-expr","locations":[{"start":{"line":182,"column":11},"end":{"line":182,"column":23}},{"start":{"line":182,"column":23},"end":{"line":182,"column":null}}]}},"s":{"0":1,"1":24,"2":24,"3":24,"4":24,"5":24,"6":24,"7":24,"8":24,"9":9,"10":6,"11":6,"12":6,"13":5,"14":5,"15":5,"16":5,"17":5,"18":1,"19":6,"20":24,"21":2,"22":2,"23":2,"24":1,"25":1,"26":0,"27":1,"28":24,"29":2,"30":2,"31":2,"32":1,"33":1,"34":0,"35":1,"36":24,"37":4,"38":2,"39":2,"40":0,"41":4,"42":2,"43":2,"44":2},"f":{"0":24,"1":9,"2":6,"3":2,"4":2,"5":4,"6":0,"7":4,"8":2,"9":2,"10":2},"b":{"0":[24],"1":[6,3],"2":[5,0],"3":[5,0],"4":[5,0],"5":[5,0],"6":[1,0],"7":[1,0],"8":[2,2],"9":[13,11],"10":[24,11],"11":[24,13],"12":[13,11],"13":[24,13]}}
,"/home/runner/work/arm-fe/arm-fe/src/pages/zone/ZoneList.page.tsx": {"path":"/home/runner/work/arm-fe/arm-fe/src/pages/zone/ZoneList.page.tsx","statementMap":{"0":{"start":{"line":18,"column":27},"end":{"line":225,"column":null}},"1":{"start":{"line":19,"column":28},"end":{"line":19,"column":null}},"2":{"start":{"line":20,"column":28},"end":{"line":20,"column":null}},"3":{"start":{"line":21,"column":38},"end":{"line":21,"column":null}},"4":{"start":{"line":22,"column":40},"end":{"line":22,"column":null}},"5":{"start":{"line":23,"column":25},"end":{"line":23,"column":null}},"6":{"start":{"line":24,"column":36},"end":{"line":24,"column":null}},"7":{"start":{"line":26,"column":2},"end":{"line":39,"column":null}},"8":{"start":{"line":27,"column":23},"end":{"line":36,"column":null}},"9":{"start":{"line":28,"column":6},"end":{"line":35,"column":null}},"10":{"start":{"line":29,"column":25},"end":{"line":29,"column":null}},"11":{"start":{"line":30,"column":21},"end":{"line":30,"column":34}},"12":{"start":{"line":31,"column":8},"end":{"line":31,"column":null}},"13":{"start":{"line":34,"column":8},"end":{"line":34,"column":null}},"14":{"start":{"line":38,"column":4},"end":{"line":38,"column":null}},"15":{"start":{"line":41,"column":24},"end":{"line":42,"column":null}},"16":{"start":{"line":42,"column":4},"end":{"line":42,"column":null}},"17":{"start":{"line":45,"column":22},"end":{"line":50,"column":null}},"18":{"start":{"line":46,"column":18},"end":{"line":46,"column":null}},"19":{"start":{"line":47,"column":18},"end":{"line":47,"column":null}},"20":{"start":{"line":49,"column":4},"end":{"line":49,"column":null}},"21":{"start":{"line":52,"column":21},"end":{"line":52,"column":null}},"22":{"start":{"line":53,"column":23},"end":{"line":55,"column":null}},"23":{"start":{"line":58,"column":23},"end":{"line":69,"column":null}},"24":{"start":{"line":59,"column":4},"end":{"line":68,"column":null}},"25":{"start":{"line":60,"column":6},"end":{"line":67,"column":null}},"26":{"start":{"line":61,"column":8},"end":{"line":61,"column":null}},"27":{"start":{"line":62,"column":8},"end":{"line":62,"column":null}},"28":{"start":{"line":62,"column":32},"end":{"line":62,"column":null}},"29":{"start":{"line":62,"column":59},"end":{"line":62,"column":null}},"30":{"start":{"line":63,"column":8},"end":{"line":63,"column":null}},"31":{"start":{"line":66,"column":8},"end":{"line":66,"column":null}},"32":{"start":{"line":71,"column":27},"end":{"line":73,"column":null}},"33":{"start":{"line":72,"column":4},"end":{"line":72,"column":null}},"34":{"start":{"line":75,"column":27},"end":{"line":77,"column":null}},"35":{"start":{"line":76,"column":4},"end":{"line":76,"column":null}},"36":{"start":{"line":113,"column":10},"end":{"line":133,"column":9}},"37":{"start":{"line":127,"column":31},"end":{"line":127,"column":null}},"38":{"start":{"line":159,"column":29},"end":{"line":159,"column":null}}},"fnMap":{"0":{"name":"(anonymous_0)","decl":{"start":{"line":18,"column":27},"end":{"line":18,"column":null}},"loc":{"start":{"line":18,"column":27},"end":{"line":225,"column":null}}},"1":{"name":"(anonymous_1)","decl":{"start":{"line":26,"column":12},"end":{"line":26,"column":null}},"loc":{"start":{"line":26,"column":12},"end":{"line":39,"column":5}}},"2":{"name":"(anonymous_2)","decl":{"start":{"line":27,"column":23},"end":{"line":27,"column":null}},"loc":{"start":{"line":27,"column":23},"end":{"line":36,"column":null}}},"3":{"name":"(anonymous_3)","decl":{"start":{"line":41,"column":37},"end":{"line":41,"column":38}},"loc":{"start":{"line":42,"column":4},"end":{"line":42,"column":null}}},"4":{"name":"(anonymous_4)","decl":{"start":{"line":45,"column":41},"end":{"line":45,"column":42}},"loc":{"start":{"line":45,"column":45},"end":{"line":50,"column":null}}},"5":{"name":"(anonymous_5)","decl":{"start":{"line":58,"column":23},"end":{"line":58,"column":30}},"loc":{"start":{"line":58,"column":30},"end":{"line":69,"column":null}}},"6":{"name":"(anonymous_6)","decl":{"start":{"line":62,"column":17},"end":{"line":62,"column":18}},"loc":{"start":{"line":62,"column":32},"end":{"line":62,"column":null}}},"7":{"name":"(anonymous_7)","decl":{"start":{"line":62,"column":49},"end":{"line":62,"column":50}},"loc":{"start":{"line":62,"column":59},"end":{"line":62,"column":null}}},"8":{"name":"(anonymous_8)","decl":{"start":{"line":71,"column":27},"end":{"line":71,"column":null}},"loc":{"start":{"line":71,"column":27},"end":{"line":73,"column":null}}},"9":{"name":"(anonymous_9)","decl":{"start":{"line":75,"column":27},"end":{"line":75,"column":28}},"loc":{"start":{"line":75,"column":28},"end":{"line":77,"column":null}}},"10":{"name":"(anonymous_10)","decl":{"start":{"line":112,"column":25},"end":{"line":112,"column":26}},"loc":{"start":{"line":113,"column":10},"end":{"line":133,"column":9}}},"11":{"name":"(anonymous_11)","decl":{"start":{"line":127,"column":25},"end":{"line":127,"column":31}},"loc":{"start":{"line":127,"column":31},"end":{"line":127,"column":null}}},"12":{"name":"(anonymous_12)","decl":{"start":{"line":159,"column":22},"end":{"line":159,"column":23}},"loc":{"start":{"line":159,"column":29},"end":{"line":159,"column":null}}}},"branchMap":{"0":{"loc":{"start":{"line":49,"column":11},"end":{"line":49,"column":null}},"type":"cond-expr","locations":[{"start":{"line":49,"column":34},"end":{"line":49,"column":60}},{"start":{"line":49,"column":60},"end":{"line":49,"column":null}}]},"1":{"loc":{"start":{"line":49,"column":34},"end":{"line":49,"column":60}},"type":"cond-expr","locations":[{"start":{"line":49,"column":50},"end":{"line":49,"column":55}},{"start":{"line":49,"column":55},"end":{"line":49,"column":60}}]},"2":{"loc":{"start":{"line":49,"column":60},"end":{"line":49,"column":null}},"type":"cond-expr","locations":[{"start":{"line":49,"column":76},"end":{"line":49,"column":81}},{"start":{"line":49,"column":81},"end":{"line":49,"column":null}}]},"3":{"loc":{"start":{"line":59,"column":4},"end":{"line":68,"column":null}},"type":"if","locations":[{"start":{"line":59,"column":4},"end":{"line":68,"column":null}},{"start":{},"end":{}}]},"4":{"loc":{"start":{"line":72,"column":17},"end":{"line":72,"column":null}},"type":"cond-expr","locations":[{"start":{"line":72,"column":39},"end":{"line":72,"column":48}},{"start":{"line":72,"column":48},"end":{"line":72,"column":null}}]},"5":{"loc":{"start":{"line":92,"column":14},"end":{"line":92,"column":null}},"type":"cond-expr","locations":[{"start":{"line":92,"column":36},"end":{"line":92,"column":42}},{"start":{"line":92,"column":42},"end":{"line":92,"column":null}}]},"6":{"loc":{"start":{"line":112,"column":8},"end":{"line":133,"column":9}},"type":"cond-expr","locations":[{"start":{"line":112,"column":8},"end":{"line":133,"column":9}}]},"7":{"loc":{"start":{"line":152,"column":7},"end":{"line":152,"column":16}},"type":"binary-expr","locations":[{"start":{"line":152,"column":7},"end":{"line":152,"column":16}}]}},"s":{"0":1,"1":13,"2":13,"3":13,"4":13,"5":13,"6":13,"7":13,"8":5,"9":5,"10":5,"11":4,"12":4,"13":1,"14":5,"15":13,"16":9,"17":13,"18":4,"19":4,"20":4,"21":13,"22":13,"23":13,"24":1,"25":1,"26":1,"27":1,"28":1,"29":2,"30":1,"31":0,"32":13,"33":2,"34":13,"35":0,"36":9,"37":1,"38":0},"f":{"0":13,"1":5,"2":5,"3":9,"4":4,"5":1,"6":1,"7":2,"8":2,"9":0,"10":9,"11":1,"12":0},"b":{"0":[3,1],"1":[1,2],"2":[0,1],"3":[1,0],"4":[1,1],"5":[11,2],"6":[5],"7":[13]}}
,"/home/runner/work/arm-fe/arm-fe/src/services/DataService.ts": {"path":"/home/runner/work/arm-fe/arm-fe/src/services/DataService.ts","statementMap":{"0":{"start":{"line":5,"column":16},"end":{"line":5,"column":62}},"1":{"start":{"line":6,"column":29},"end":{"line":17,"column":1}},"2":{"start":{"line":7,"column":2},"end":{"line":16,"column":null}},"3":{"start":{"line":8,"column":21},"end":{"line":12,"column":null}},"4":{"start":{"line":13,"column":4},"end":{"line":13,"column":null}},"5":{"start":{"line":15,"column":4},"end":{"line":15,"column":null}},"6":{"start":{"line":20,"column":31},"end":{"line":28,"column":1}},"7":{"start":{"line":21,"column":2},"end":{"line":27,"column":null}},"8":{"start":{"line":22,"column":21},"end":{"line":22,"column":null}},"9":{"start":{"line":25,"column":4},"end":{"line":25,"column":null}}},"fnMap":{"0":{"name":"(anonymous_0)","decl":{"start":{"line":6,"column":29},"end":{"line":6,"column":36}},"loc":{"start":{"line":6,"column":36},"end":{"line":17,"column":1}}},"1":{"name":"(anonymous_1)","decl":{"start":{"line":20,"column":31},"end":{"line":20,"column":null}},"loc":{"start":{"line":20,"column":31},"end":{"line":28,"column":1}}}},"branchMap":{},"s":{"0":0,"1":0,"2":0,"3":0,"4":0,"5":0,"6":0,"7":0,"8":0,"9":0},"f":{"0":0,"1":0},"b":{}}
,"/home/runner/work/arm-fe/arm-fe/src/services/DeviceService.ts": {"path":"/home/runner/work/arm-fe/arm-fe/src/services/DeviceService.ts","statementMap":{"0":{"start":{"line":5,"column":27},"end":{"line":13,"column":1}},"1":{"start":{"line":6,"column":2},"end":{"line":12,"column":null}},"2":{"start":{"line":7,"column":21},"end":{"line":7,"column":null}},"3":{"start":{"line":8,"column":4},"end":{"line":8,"column":null}},"4":{"start":{"line":10,"column":4},"end":{"line":10,"column":null}},"5":{"start":{"line":11,"column":4},"end":{"line":11,"column":null}},"6":{"start":{"line":16,"column":31},"end":{"line":24,"column":1}},"7":{"start":{"line":17,"column":2},"end":{"line":23,"column":null}},"8":{"start":{"line":18,"column":21},"end":{"line":18,"column":null}},"9":{"start":{"line":19,"column":4},"end":{"line":19,"column":null}},"10":{"start":{"line":21,"column":4},"end":{"line":21,"column":null}},"11":{"start":{"line":22,"column":4},"end":{"line":22,"column":null}},"12":{"start":{"line":26,"column":28},"end":{"line":33,"column":1}},"13":{"start":{"line":27,"column":2},"end":{"line":32,"column":null}},"14":{"start":{"line":28,"column":4},"end":{"line":28,"column":null}},"15":{"start":{"line":30,"column":4},"end":{"line":30,"column":null}},"16":{"start":{"line":31,"column":4},"end":{"line":31,"column":null}},"17":{"start":{"line":35,"column":26},"end":{"line":42,"column":1}},"18":{"start":{"line":36,"column":2},"end":{"line":41,"column":null}},"19":{"start":{"line":37,"column":4},"end":{"line":37,"column":null}},"20":{"start":{"line":39,"column":4},"end":{"line":39,"column":null}},"21":{"start":{"line":40,"column":4},"end":{"line":40,"column":null}},"22":{"start":{"line":44,"column":28},"end":{"line":52,"column":1}},"23":{"start":{"line":45,"column":2},"end":{"line":51,"column":null}},"24":{"start":{"line":46,"column":21},"end":{"line":46,"column":null}},"25":{"start":{"line":47,"column":4},"end":{"line":47,"column":null}},"26":{"start":{"line":49,"column":4},"end":{"line":49,"column":null}},"27":{"start":{"line":50,"column":4},"end":{"line":50,"column":null}}},"fnMap":{"0":{"name":"(anonymous_0)","decl":{"start":{"line":5,"column":27},"end":{"line":5,"column":34}},"loc":{"start":{"line":5,"column":34},"end":{"line":13,"column":1}}},"1":{"name":"(anonymous_1)","decl":{"start":{"line":16,"column":31},"end":{"line":16,"column":null}},"loc":{"start":{"line":16,"column":31},"end":{"line":24,"column":1}}},"2":{"name":"(anonymous_2)","decl":{"start":{"line":26,"column":28},"end":{"line":26,"column":35}},"loc":{"start":{"line":26,"column":35},"end":{"line":33,"column":1}}},"3":{"name":"(anonymous_3)","decl":{"start":{"line":35,"column":26},"end":{"line":35,"column":33}},"loc":{"start":{"line":35,"column":51},"end":{"line":42,"column":1}}},"4":{"name":"(anonymous_4)","decl":{"start":{"line":44,"column":28},"end":{"line":44,"column":35}},"loc":{"start":{"line":44,"column":35},"end":{"line":52,"column":1}}}},"branchMap":{},"s":{"0":0,"1":0,"2":0,"3":0,"4":0,"5":0,"6":0,"7":0,"8":0,"9":0,"10":0,"11":0,"12":0,"13":0,"14":0,"15":0,"16":0,"17":0,"18":0,"19":0,"20":0,"21":0,"22":0,"23":0,"24":0,"25":0,"26":0,"27":0},"f":{"0":0,"1":0,"2":0,"3":0,"4":0},"b":{}}
,"/home/runner/work/arm-fe/arm-fe/src/services/SensorService.ts": {"path":"/home/runner/work/arm-fe/arm-fe/src/services/SensorService.ts","statementMap":{"0":{"start":{"line":4,"column":38},"end":{"line":12,"column":1}},"1":{"start":{"line":5,"column":2},"end":{"line":11,"column":null}},"2":{"start":{"line":6,"column":21},"end":{"line":6,"column":null}},"3":{"start":{"line":7,"column":4},"end":{"line":7,"column":null}},"4":{"start":{"line":9,"column":4},"end":{"line":9,"column":null}},"5":{"start":{"line":10,"column":4},"end":{"line":10,"column":null}}},"fnMap":{"0":{"name":"(anonymous_0)","decl":{"start":{"line":4,"column":38},"end":{"line":4,"column":45}},"loc":{"start":{"line":4,"column":45},"end":{"line":12,"column":1}}}},"branchMap":{},"s":{"0":0,"1":0,"2":0,"3":0,"4":0,"5":0},"f":{"0":0},"b":{}}
,"/home/runner/work/arm-fe/arm-fe/src/services/ZoneService.ts": {"path":"/home/runner/work/arm-fe/arm-fe/src/services/ZoneService.ts","statementMap":{"0":{"start":{"line":4,"column":29},"end":{"line":12,"column":1}},"1":{"start":{"line":5,"column":2},"end":{"line":11,"column":null}},"2":{"start":{"line":6,"column":21},"end":{"line":6,"column":null}},"3":{"start":{"line":7,"column":4},"end":{"line":7,"column":null}},"4":{"start":{"line":9,"column":4},"end":{"line":9,"column":null}},"5":{"start":{"line":10,"column":4},"end":{"line":10,"column":null}},"6":{"start":{"line":14,"column":29},"end":{"line":22,"column":1}},"7":{"start":{"line":15,"column":2},"end":{"line":21,"column":null}},"8":{"start":{"line":16,"column":21},"end":{"line":16,"column":null}},"9":{"start":{"line":17,"column":4},"end":{"line":17,"column":null}},"10":{"start":{"line":19,"column":4},"end":{"line":19,"column":null}},"11":{"start":{"line":20,"column":4},"end":{"line":20,"column":null}}},"fnMap":{"0":{"name":"(anonymous_0)","decl":{"start":{"line":4,"column":29},"end":{"line":4,"column":36}},"loc":{"start":{"line":4,"column":36},"end":{"line":12,"column":1}}},"1":{"name":"(anonymous_1)","decl":{"start":{"line":14,"column":29},"end":{"line":14,"column":null}},"loc":{"start":{"line":14,"column":29},"end":{"line":22,"column":1}}}},"branchMap":{},"s":{"0":0,"1":0,"2":0,"3":0,"4":0,"5":0,"6":0,"7":0,"8":0,"9":0,"10":0,"11":0},"f":{"0":0,"1":0},"b":{}}
,"/home/runner/work/arm-fe/arm-fe/src/services/auth.service.ts": {"path":"/home/runner/work/arm-fe/arm-fe/src/services/auth.service.ts","statementMap":{"0":{"start":{"line":7,"column":21},"end":{"line":17,"column":1}},"1":{"start":{"line":10,"column":2},"end":{"line":16,"column":null}},"2":{"start":{"line":11,"column":4},"end":{"line":11,"column":null}},"3":{"start":{"line":12,"column":4},"end":{"line":12,"column":null}},"4":{"start":{"line":13,"column":4},"end":{"line":13,"column":null}},"5":{"start":{"line":14,"column":4},"end":{"line":14,"column":null}},"6":{"start":{"line":15,"column":4},"end":{"line":15,"column":null}},"7":{"start":{"line":19,"column":24},"end":{"line":38,"column":1}},"8":{"start":{"line":20,"column":2},"end":{"line":20,"column":null}},"9":{"start":{"line":40,"column":30},"end":{"line":48,"column":1}},"10":{"start":{"line":41,"column":18},"end":{"line":41,"column":null}},"11":{"start":{"line":42,"column":22},"end":{"line":42,"column":null}},"12":{"start":{"line":44,"column":2},"end":{"line":46,"column":null}},"13":{"start":{"line":45,"column":4},"end":{"line":45,"column":null}},"14":{"start":{"line":47,"column":2},"end":{"line":47,"column":null}}},"fnMap":{"0":{"name":"(anonymous_0)","decl":{"start":{"line":7,"column":21},"end":{"line":7,"column":28}},"loc":{"start":{"line":7,"column":46},"end":{"line":17,"column":1}}},"1":{"name":"(anonymous_1)","decl":{"start":{"line":10,"column":77},"end":{"line":10,"column":78}},"loc":{"start":{"line":10,"column":78},"end":{"line":16,"column":null}}},"2":{"name":"(anonymous_2)","decl":{"start":{"line":19,"column":24},"end":{"line":19,"column":25}},"loc":{"start":{"line":19,"column":58},"end":{"line":38,"column":1}}},"3":{"name":"(anonymous_3)","decl":{"start":{"line":40,"column":30},"end":{"line":40,"column":null}},"loc":{"start":{"line":40,"column":30},"end":{"line":48,"column":1}}}},"branchMap":{"0":{"loc":{"start":{"line":41,"column":18},"end":{"line":41,"column":null}},"type":"binary-expr","locations":[{"start":{"line":41,"column":18},"end":{"line":41,"column":50}},{"start":{"line":41,"column":50},"end":{"line":41,"column":null}}]},"1":{"loc":{"start":{"line":44,"column":2},"end":{"line":46,"column":null}},"type":"if","locations":[{"start":{"line":44,"column":2},"end":{"line":46,"column":null}},{"start":{},"end":{}}]}},"s":{"0":1,"1":0,"2":0,"3":0,"4":0,"5":0,"6":0,"7":1,"8":0,"9":1,"10":0,"11":0,"12":0,"13":0,"14":0},"f":{"0":0,"1":0,"2":0,"3":0},"b":{"0":[0,0],"1":[0,0]}}
}
